<?xml version="1.0" encoding="UTF-8"?>
<testsuite xmlns:xsi="http://www.w3.org/2001/XMLSchema-instance" xsi:noNamespaceSchemaLocation="https://maven.apache.org/surefire/maven-surefire-plugin/xsd/surefire-test-report.xsd" name="com.exapmple.jacoco_example.TestBankAccount" time="0.034" tests="1" errors="1" skipped="0" failures="0">
  <properties>
    <property name="sun.desktop" value="windows"/>
    <property name="awt.toolkit" value="sun.awt.windows.WToolkit"/>
    <property name="java.specification.version" value="11"/>
    <property name="sun.cpu.isalist" value="amd64"/>
    <property name="sun.jnu.encoding" value="Cp1252"/>
    <property name="java.class.path" value="C:\Users\38975\eclipse-workspace\jacoco-example\target\test-classes;C:\Users\38975\eclipse-workspace\jacoco-example\target\classes;C:\Users\38975\.m2\repository\junit\junit\4.11\junit-4.11.jar;C:\Users\38975\.m2\repository\org\hamcrest\hamcrest-core\1.3\hamcrest-core-1.3.jar;"/>
    <property name="java.vm.vendor" value="Oracle Corporation"/>
    <property name="sun.arch.data.model" value="64"/>
    <property name="user.variant" value=""/>
    <property name="java.vendor.url" value="https://openjdk.java.net/"/>
    <property name="user.timezone" value="Europe/Belgrade"/>
    <property name="java.vm.specification.version" value="11"/>
    <property name="os.name" value="Windows 11"/>
    <property name="sun.java.launcher" value="SUN_STANDARD"/>
    <property name="user.country" value="US"/>
    <property name="sun.boot.library.path" value="C:\Program Files\Java\jdk-11.0.15\bin"/>
    <property name="sun.java.command" value="C:\Users\38975\AppData\Local\Temp\surefire15780445911361426455\surefirebooter9606931895530652749.jar C:\Users\38975\AppData\Local\Temp\surefire15780445911361426455 2022-09-22T22-08-10_867-jvmRun1 surefire5666445278849508966tmp surefire_05268984092166931802tmp"/>
    <property name="jdk.debug" value="release"/>
    <property name="surefire.test.class.path" value="C:\Users\38975\eclipse-workspace\jacoco-example\target\test-classes;C:\Users\38975\eclipse-workspace\jacoco-example\target\classes;C:\Users\38975\.m2\repository\junit\junit\4.11\junit-4.11.jar;C:\Users\38975\.m2\repository\org\hamcrest\hamcrest-core\1.3\hamcrest-core-1.3.jar;"/>
    <property name="sun.cpu.endian" value="little"/>
    <property name="user.home" value="C:\Users\38975"/>
    <property name="user.language" value="en"/>
    <property name="java.specification.vendor" value="Oracle Corporation"/>
    <property name="java.version.date" value="2022-04-19"/>
    <property name="java.home" value="C:\Program Files\Java\jdk-11.0.15"/>
    <property name="file.separator" value="\"/>
    <property name="basedir" value="C:\Users\38975\eclipse-workspace\jacoco-example"/>
    <property name="java.vm.compressedOopsMode" value="32-bit"/>
    <property name="line.separator" value="&#10;"/>
    <property name="java.specification.name" value="Java Platform API Specification"/>
    <property name="java.vm.specification.vendor" value="Oracle Corporation"/>
    <property name="java.awt.graphicsenv" value="sun.awt.Win32GraphicsEnvironment"/>
    <property name="surefire.real.class.path" value="C:\Users\38975\AppData\Local\Temp\surefire15780445911361426455\surefirebooter9606931895530652749.jar"/>
    <property name="user.script" value=""/>
    <property name="sun.management.compiler" value="HotSpot 64-Bit Tiered Compilers"/>
    <property name="java.runtime.version" value="11.0.15+8-LTS-149"/>
    <property name="user.name" value="38975"/>
    <property name="path.separator" value=";"/>
    <property name="os.version" value="10.0"/>
    <property name="java.runtime.name" value="Java(TM) SE Runtime Environment"/>
    <property name="file.encoding" value="Cp1252"/>
    <property name="java.vm.name" value="Java HotSpot(TM) 64-Bit Server VM"/>
    <property name="java.vendor.version" value="18.9"/>
    <property name="localRepository" value="C:\Users\38975\.m2\repository"/>
    <property name="java.vendor.url.bug" value="https://bugreport.java.com/bugreport/"/>
    <property name="java.io.tmpdir" value="C:\Users\38975\AppData\Local\Temp\"/>
    <property name="java.version" value="11.0.15"/>
    <property name="user.dir" value="C:\Users\38975\eclipse-workspace\jacoco-example"/>
    <property name="os.arch" value="amd64"/>
    <property name="java.vm.specification.name" value="Java Virtual Machine Specification"/>
    <property name="java.awt.printerjob" value="sun.awt.windows.WPrinterJob"/>
    <property name="sun.os.patch.level" value=""/>
    <property name="java.library.path" value="C:\Program Files\Java\jdk-11.0.15\bin;C:\Windows\Sun\Java\bin;C:\Windows\system32;C:\Windows;C:/Program Files/Java/jdk-11.0.15/bin/server;C:/Program Files/Java/jdk-11.0.15/bin;C:\Windows\system32;C:\Windows;C:\Windows\System32\Wbem;C:\Windows\System32\WindowsPowerShell\v1.0\;C:\Windows\System32\OpenSSH\;C:\Program Files\Java\jdk-11.0.15\bin;C:\Program Files\Common Files\Oracle\Java\javapath;C:\Program Files\Git\bin;C:\Program Files\Apache Software Foundation\Tomcat 9.0\lib;C:\Program Files\Apache Software Foundation\Tomcat 9.0\bin;C:\Program Files\apache-maven-3.8.6\bin;D:\nexus\nexus-3.40.1-01\bin;C:\Users\38975\AppData\Local\Microsoft\WindowsApps;C:\Program Files\apache-maven-3.8.6;C:\Users\38975\AppData\Local\GitHubDesktop\bin;C:\Users\38975\Desktop;;."/>
    <property name="java.vendor" value="Oracle Corporation"/>
    <property name="java.vm.info" value="mixed mode"/>
    <property name="java.vm.version" value="11.0.15+8-LTS-149"/>
    <property name="sun.io.unicode.encoding" value="UnicodeLittle"/>
    <property name="java.class.version" value="55.0"/>
  </properties>
  <testcase name="testFunds" classname="com.exapmple.jacoco_example.TestBankAccount" time="0.034">
    <error type="java.lang.StackOverflowError">java.lang.StackOverflowError
	at com.exapmple.jacoco_example.TestBankAccount.extracted(TestBankAccount.java:14)
	at com.exapmple.jacoco_example.TestBankAccount.extracted(TestBankAccount.java:14)
	at com.exapmple.jacoco_example.TestBankAccount.extracted(TestBankAccount.java:14)
	at com.exapmple.jacoco_example.TestBankAccount.extracted(TestBankAccount.java:14)
	at com.exapmple.jacoco_example.TestBankAccount.extracted(TestBankAccount.java:14)
	at com.exapmple.jacoco_example.TestBankAccount.extracted(TestBankAccount.java:14)
	at com.exapmple.jacoco_example.TestBankAccount.extracted(TestBankAccount.java:14)
	at com.exapmple.jacoco_example.TestBankAccount.extracted(TestBankAccount.java:14)
	at com.exapmple.jacoco_example.TestBankAccount.extracted(TestBankAccount.java:14)
	at com.exapmple.jacoco_example.TestBankAccount.extracted(TestBankAccount.java:14)
	at com.exapmple.jacoco_example.TestBankAccount.extracted(TestBankAccount.java:14)
	at com.exapmple.jacoco_example.TestBankAccount.extracted(TestBankAccount.java:14)
	at com.exapmple.jacoco_example.TestBankAccount.extracted(TestBankAccount.java:14)
	at com.exapmple.jacoco_example.TestBankAccount.extracted(TestBankAccount.java:14)
	at com.exapmple.jacoco_example.TestBankAccount.extracted(TestBankAccount.java:14)
	at com.exapmple.jacoco_example.TestBankAccount.extracted(TestBankAccount.java:14)
	at com.exapmple.jacoco_example.TestBankAccount.extracted(TestBankAccount.java:14)
	at com.exapmple.jacoco_example.TestBankAccount.extracted(TestBankAccount.java:14)
	at com.exapmple.jacoco_example.TestBankAccount.extracted(TestBankAccount.java:14)
	at com.exapmple.jacoco_example.TestBankAccount.extracted(TestBankAccount.java:14)
	at com.exapmple.jacoco_example.TestBankAccount.extracted(TestBankAccount.java:14)
	at com.exapmple.jacoco_example.TestBankAccount.extracted(TestBankAccount.java:14)
	at com.exapmple.jacoco_example.TestBankAccount.extracted(TestBankAccount.java:14)
	at com.exapmple.jacoco_example.TestBankAccount.extracted(TestBankAccount.java:14)
	at com.exapmple.jacoco_example.TestBankAccount.extracted(TestBankAccount.java:14)
	at com.exapmple.jacoco_example.TestBankAccount.extracted(TestBankAccount.java:14)
	at com.exapmple.jacoco_example.TestBankAccount.extracted(TestBankAccount.java:14)
	at com.exapmple.jacoco_example.TestBankAccount.extracted(TestBankAccount.java:14)
	at com.exapmple.jacoco_example.TestBankAccount.extracted(TestBankAccount.java:14)
	at com.exapmple.jacoco_example.TestBankAccount.extracted(TestBankAccount.java:14)
	at com.exapmple.jacoco_example.TestBankAccount.extracted(TestBankAccount.java:14)
	at com.exapmple.jacoco_example.TestBankAccount.extracted(TestBankAccount.java:14)
	at com.exapmple.jacoco_example.TestBankAccount.extracted(TestBankAccount.java:14)
	at com.exapmple.jacoco_example.TestBankAccount.extracted(TestBankAccount.java:14)
	at com.exapmple.jacoco_example.TestBankAccount.extracted(TestBankAccount.java:14)
	at com.exapmple.jacoco_example.TestBankAccount.extracted(TestBankAccount.java:14)
	at com.exapmple.jacoco_example.TestBankAccount.extracted(TestBankAccount.java:14)
	at com.exapmple.jacoco_example.TestBankAccount.extracted(TestBankAccount.java:14)
	at com.exapmple.jacoco_example.TestBankAccount.extracted(TestBankAccount.java:14)
	at com.exapmple.jacoco_example.TestBankAccount.extracted(TestBankAccount.java:14)
	at com.exapmple.jacoco_example.TestBankAccount.extracted(TestBankAccount.java:14)
	at com.exapmple.jacoco_example.TestBankAccount.extracted(TestBankAccount.java:14)
	at com.exapmple.jacoco_example.TestBankAccount.extracted(TestBankAccount.java:14)
	at com.exapmple.jacoco_example.TestBankAccount.extracted(TestBankAccount.java:14)
	at com.exapmple.jacoco_example.TestBankAccount.extracted(TestBankAccount.java:14)
	at com.exapmple.jacoco_example.TestBankAccount.extracted(TestBankAccount.java:14)
	at com.exapmple.jacoco_example.TestBankAccount.extracted(TestBankAccount.java:14)
	at com.exapmple.jacoco_example.TestBankAccount.extracted(TestBankAccount.java:14)
	at com.exapmple.jacoco_example.TestBankAccount.extracted(TestBankAccount.java:14)
	at com.exapmple.jacoco_example.TestBankAccount.extracted(TestBankAccount.java:14)
	at com.exapmple.jacoco_example.TestBankAccount.extracted(TestBankAccount.java:14)
	at com.exapmple.jacoco_example.TestBankAccount.extracted(TestBankAccount.java:14)
	at com.exapmple.jacoco_example.TestBankAccount.extracted(TestBankAccount.java:14)
	at com.exapmple.jacoco_example.TestBankAccount.extracted(TestBankAccount.java:14)
	at com.exapmple.jacoco_example.TestBankAccount.extracted(TestBankAccount.java:14)
	at com.exapmple.jacoco_example.TestBankAccount.extracted(TestBankAccount.java:14)
	at com.exapmple.jacoco_example.TestBankAccount.extracted(TestBankAccount.java:14)
	at com.exapmple.jacoco_example.TestBankAccount.extracted(TestBankAccount.java:14)
	at com.exapmple.jacoco_example.TestBankAccount.extracted(TestBankAccount.java:14)
	at com.exapmple.jacoco_example.TestBankAccount.extracted(TestBankAccount.java:14)
	at com.exapmple.jacoco_example.TestBankAccount.extracted(TestBankAccount.java:14)
	at com.exapmple.jacoco_example.TestBankAccount.extracted(TestBankAccount.java:14)
	at com.exapmple.jacoco_example.TestBankAccount.extracted(TestBankAccount.java:14)
	at com.exapmple.jacoco_example.TestBankAccount.extracted(TestBankAccount.java:14)
	at com.exapmple.jacoco_example.TestBankAccount.extracted(TestBankAccount.java:14)
	at com.exapmple.jacoco_example.TestBankAccount.extracted(TestBankAccount.java:14)
	at com.exapmple.jacoco_example.TestBankAccount.extracted(TestBankAccount.java:14)
	at com.exapmple.jacoco_example.TestBankAccount.extracted(TestBankAccount.java:14)
	at com.exapmple.jacoco_example.TestBankAccount.extracted(TestBankAccount.java:14)
	at com.exapmple.jacoco_example.TestBankAccount.extracted(TestBankAccount.java:14)
	at com.exapmple.jacoco_example.TestBankAccount.extracted(TestBankAccount.java:14)
	at com.exapmple.jacoco_example.TestBankAccount.extracted(TestBankAccount.java:14)
	at com.exapmple.jacoco_example.TestBankAccount.extracted(TestBankAccount.java:14)
	at com.exapmple.jacoco_example.TestBankAccount.extracted(TestBankAccount.java:14)
	at com.exapmple.jacoco_example.TestBankAccount.extracted(TestBankAccount.java:14)
	at com.exapmple.jacoco_example.TestBankAccount.extracted(TestBankAccount.java:14)
	at com.exapmple.jacoco_example.TestBankAccount.extracted(TestBankAccount.java:14)
	at com.exapmple.jacoco_example.TestBankAccount.extracted(TestBankAccount.java:14)
	at com.exapmple.jacoco_example.TestBankAccount.extracted(TestBankAccount.java:14)
	at com.exapmple.jacoco_example.TestBankAccount.extracted(TestBankAccount.java:14)
	at com.exapmple.jacoco_example.TestBankAccount.extracted(TestBankAccount.java:14)
	at com.exapmple.jacoco_example.TestBankAccount.extracted(TestBankAccount.java:14)
	at com.exapmple.jacoco_example.TestBankAccount.extracted(TestBankAccount.java:14)
	at com.exapmple.jacoco_example.TestBankAccount.extracted(TestBankAccount.java:14)
	at com.exapmple.jacoco_example.TestBankAccount.extracted(TestBankAccount.java:14)
	at com.exapmple.jacoco_example.TestBankAccount.extracted(TestBankAccount.java:14)
	at com.exapmple.jacoco_example.TestBankAccount.extracted(TestBankAccount.java:14)
	at com.exapmple.jacoco_example.TestBankAccount.extracted(TestBankAccount.java:14)
	at com.exapmple.jacoco_example.TestBankAccount.extracted(TestBankAccount.java:14)
	at com.exapmple.jacoco_example.TestBankAccount.extracted(TestBankAccount.java:14)
	at com.exapmple.jacoco_example.TestBankAccount.extracted(TestBankAccount.java:14)
	at com.exapmple.jacoco_example.TestBankAccount.extracted(TestBankAccount.java:14)
	at com.exapmple.jacoco_example.TestBankAccount.extracted(TestBankAccount.java:14)
	at com.exapmple.jacoco_example.TestBankAccount.extracted(TestBankAccount.java:14)
	at com.exapmple.jacoco_example.TestBankAccount.extracted(TestBankAccount.java:14)
	at com.exapmple.jacoco_example.TestBankAccount.extracted(TestBankAccount.java:14)
	at com.exapmple.jacoco_example.TestBankAccount.extracted(TestBankAccount.java:14)
	at com.exapmple.jacoco_example.TestBankAccount.extracted(TestBankAccount.java:14)
	at com.exapmple.jacoco_example.TestBankAccount.extracted(TestBankAccount.java:14)
	at com.exapmple.jacoco_example.TestBankAccount.extracted(TestBankAccount.java:14)
	at com.exapmple.jacoco_example.TestBankAccount.extracted(TestBankAccount.java:14)
	at com.exapmple.jacoco_example.TestBankAccount.extracted(TestBankAccount.java:14)
	at com.exapmple.jacoco_example.TestBankAccount.extracted(TestBankAccount.java:14)
	at com.exapmple.jacoco_example.TestBankAccount.extracted(TestBankAccount.java:14)
	at com.exapmple.jacoco_example.TestBankAccount.extracted(TestBankAccount.java:14)
	at com.exapmple.jacoco_example.TestBankAccount.extracted(TestBankAccount.java:14)
	at com.exapmple.jacoco_example.TestBankAccount.extracted(TestBankAccount.java:14)
	at com.exapmple.jacoco_example.TestBankAccount.extracted(TestBankAccount.java:14)
	at com.exapmple.jacoco_example.TestBankAccount.extracted(TestBankAccount.java:14)
	at com.exapmple.jacoco_example.TestBankAccount.extracted(TestBankAccount.java:14)
	at com.exapmple.jacoco_example.TestBankAccount.extracted(TestBankAccount.java:14)
	at com.exapmple.jacoco_example.TestBankAccount.extracted(TestBankAccount.java:14)
	at com.exapmple.jacoco_example.TestBankAccount.extracted(TestBankAccount.java:14)
	at com.exapmple.jacoco_example.TestBankAccount.extracted(TestBankAccount.java:14)
	at com.exapmple.jacoco_example.TestBankAccount.extracted(TestBankAccount.java:14)
	at com.exapmple.jacoco_example.TestBankAccount.extracted(TestBankAccount.java:14)
	at com.exapmple.jacoco_example.TestBankAccount.extracted(TestBankAccount.java:14)
	at com.exapmple.jacoco_example.TestBankAccount.extracted(TestBankAccount.java:14)
	at com.exapmple.jacoco_example.TestBankAccount.extracted(TestBankAccount.java:14)
	at com.exapmple.jacoco_example.TestBankAccount.extracted(TestBankAccount.java:14)
	at com.exapmple.jacoco_example.TestBankAccount.extracted(TestBankAccount.java:14)
	at com.exapmple.jacoco_example.TestBankAccount.extracted(TestBankAccount.java:14)
	at com.exapmple.jacoco_example.TestBankAccount.extracted(TestBankAccount.java:14)
	at com.exapmple.jacoco_example.TestBankAccount.extracted(TestBankAccount.java:14)
	at com.exapmple.jacoco_example.TestBankAccount.extracted(TestBankAccount.java:14)
	at com.exapmple.jacoco_example.TestBankAccount.extracted(TestBankAccount.java:14)
	at com.exapmple.jacoco_example.TestBankAccount.extracted(TestBankAccount.java:14)
	at com.exapmple.jacoco_example.TestBankAccount.extracted(TestBankAccount.java:14)
	at com.exapmple.jacoco_example.TestBankAccount.extracted(TestBankAccount.java:14)
	at com.exapmple.jacoco_example.TestBankAccount.extracted(TestBankAccount.java:14)
	at com.exapmple.jacoco_example.TestBankAccount.extracted(TestBankAccount.java:14)
	at com.exapmple.jacoco_example.TestBankAccount.extracted(TestBankAccount.java:14)
	at com.exapmple.jacoco_example.TestBankAccount.extracted(TestBankAccount.java:14)
	at com.exapmple.jacoco_example.TestBankAccount.extracted(TestBankAccount.java:14)
	at com.exapmple.jacoco_example.TestBankAccount.extracted(TestBankAccount.java:14)
	at com.exapmple.jacoco_example.TestBankAccount.extracted(TestBankAccount.java:14)
	at com.exapmple.jacoco_example.TestBankAccount.extracted(TestBankAccount.java:14)
	at com.exapmple.jacoco_example.TestBankAccount.extracted(TestBankAccount.java:14)
	at com.exapmple.jacoco_example.TestBankAccount.extracted(TestBankAccount.java:14)
	at com.exapmple.jacoco_example.TestBankAccount.extracted(TestBankAccount.java:14)
	at com.exapmple.jacoco_example.TestBankAccount.extracted(TestBankAccount.java:14)
	at com.exapmple.jacoco_example.TestBankAccount.extracted(TestBankAccount.java:14)
	at com.exapmple.jacoco_example.TestBankAccount.extracted(TestBankAccount.java:14)
	at com.exapmple.jacoco_example.TestBankAccount.extracted(TestBankAccount.java:14)
	at com.exapmple.jacoco_example.TestBankAccount.extracted(TestBankAccount.java:14)
	at com.exapmple.jacoco_example.TestBankAccount.extracted(TestBankAccount.java:14)
	at com.exapmple.jacoco_example.TestBankAccount.extracted(TestBankAccount.java:14)
	at com.exapmple.jacoco_example.TestBankAccount.extracted(TestBankAccount.java:14)
	at com.exapmple.jacoco_example.TestBankAccount.extracted(TestBankAccount.java:14)
	at com.exapmple.jacoco_example.TestBankAccount.extracted(TestBankAccount.java:14)
	at com.exapmple.jacoco_example.TestBankAccount.extracted(TestBankAccount.java:14)
	at com.exapmple.jacoco_example.TestBankAccount.extracted(TestBankAccount.java:14)
	at com.exapmple.jacoco_example.TestBankAccount.extracted(TestBankAccount.java:14)
	at com.exapmple.jacoco_example.TestBankAccount.extracted(TestBankAccount.java:14)
	at com.exapmple.jacoco_example.TestBankAccount.extracted(TestBankAccount.java:14)
	at com.exapmple.jacoco_example.TestBankAccount.extracted(TestBankAccount.java:14)
	at com.exapmple.jacoco_example.TestBankAccount.extracted(TestBankAccount.java:14)
	at com.exapmple.jacoco_example.TestBankAccount.extracted(TestBankAccount.java:14)
	at com.exapmple.jacoco_example.TestBankAccount.extracted(TestBankAccount.java:14)
	at com.exapmple.jacoco_example.TestBankAccount.extracted(TestBankAccount.java:14)
	at com.exapmple.jacoco_example.TestBankAccount.extracted(TestBankAccount.java:14)
	at com.exapmple.jacoco_example.TestBankAccount.extracted(TestBankAccount.java:14)
	at com.exapmple.jacoco_example.TestBankAccount.extracted(TestBankAccount.java:14)
	at com.exapmple.jacoco_example.TestBankAccount.extracted(TestBankAccount.java:14)
	at com.exapmple.jacoco_example.TestBankAccount.extracted(TestBankAccount.java:14)
	at com.exapmple.jacoco_example.TestBankAccount.extracted(TestBankAccount.java:14)
	at com.exapmple.jacoco_example.TestBankAccount.extracted(TestBankAccount.java:14)
	at com.exapmple.jacoco_example.TestBankAccount.extracted(TestBankAccount.java:14)
	at com.exapmple.jacoco_example.TestBankAccount.extracted(TestBankAccount.java:14)
	at com.exapmple.jacoco_example.TestBankAccount.extracted(TestBankAccount.java:14)
	at com.exapmple.jacoco_example.TestBankAccount.extracted(TestBankAccount.java:14)
	at com.exapmple.jacoco_example.TestBankAccount.extracted(TestBankAccount.java:14)
	at com.exapmple.jacoco_example.TestBankAccount.extracted(TestBankAccount.java:14)
	at com.exapmple.jacoco_example.TestBankAccount.extracted(TestBankAccount.java:14)
	at com.exapmple.jacoco_example.TestBankAccount.extracted(TestBankAccount.java:14)
	at com.exapmple.jacoco_example.TestBankAccount.extracted(TestBankAccount.java:14)
	at com.exapmple.jacoco_example.TestBankAccount.extracted(TestBankAccount.java:14)
	at com.exapmple.jacoco_example.TestBankAccount.extracted(TestBankAccount.java:14)
	at com.exapmple.jacoco_example.TestBankAccount.extracted(TestBankAccount.java:14)
	at com.exapmple.jacoco_example.TestBankAccount.extracted(TestBankAccount.java:14)
	at com.exapmple.jacoco_example.TestBankAccount.extracted(TestBankAccount.java:14)
	at com.exapmple.jacoco_example.TestBankAccount.extracted(TestBankAccount.java:14)
	at com.exapmple.jacoco_example.TestBankAccount.extracted(TestBankAccount.java:14)
	at com.exapmple.jacoco_example.TestBankAccount.extracted(TestBankAccount.java:14)
	at com.exapmple.jacoco_example.TestBankAccount.extracted(TestBankAccount.java:14)
	at com.exapmple.jacoco_example.TestBankAccount.extracted(TestBankAccount.java:14)
	at com.exapmple.jacoco_example.TestBankAccount.extracted(TestBankAccount.java:14)
	at com.exapmple.jacoco_example.TestBankAccount.extracted(TestBankAccount.java:14)
	at com.exapmple.jacoco_example.TestBankAccount.extracted(TestBankAccount.java:14)
	at com.exapmple.jacoco_example.TestBankAccount.extracted(TestBankAccount.java:14)
	at com.exapmple.jacoco_example.TestBankAccount.extracted(TestBankAccount.java:14)
	at com.exapmple.jacoco_example.TestBankAccount.extracted(TestBankAccount.java:14)
	at com.exapmple.jacoco_example.TestBankAccount.extracted(TestBankAccount.java:14)
	at com.exapmple.jacoco_example.TestBankAccount.extracted(TestBankAccount.java:14)
	at com.exapmple.jacoco_example.TestBankAccount.extracted(TestBankAccount.java:14)
	at com.exapmple.jacoco_example.TestBankAccount.extracted(TestBankAccount.java:14)
	at com.exapmple.jacoco_example.TestBankAccount.extracted(TestBankAccount.java:14)
	at com.exapmple.jacoco_example.TestBankAccount.extracted(TestBankAccount.java:14)
	at com.exapmple.jacoco_example.TestBankAccount.extracted(TestBankAccount.java:14)
	at com.exapmple.jacoco_example.TestBankAccount.extracted(TestBankAccount.java:14)
	at com.exapmple.jacoco_example.TestBankAccount.extracted(TestBankAccount.java:14)
	at com.exapmple.jacoco_example.TestBankAccount.extracted(TestBankAccount.java:14)
	at com.exapmple.jacoco_example.TestBankAccount.extracted(TestBankAccount.java:14)
	at com.exapmple.jacoco_example.TestBankAccount.extracted(TestBankAccount.java:14)
	at com.exapmple.jacoco_example.TestBankAccount.extracted(TestBankAccount.java:14)
	at com.exapmple.jacoco_example.TestBankAccount.extracted(TestBankAccount.java:14)
	at com.exapmple.jacoco_example.TestBankAccount.extracted(TestBankAccount.java:14)
	at com.exapmple.jacoco_example.TestBankAccount.extracted(TestBankAccount.java:14)
	at com.exapmple.jacoco_example.TestBankAccount.extracted(TestBankAccount.java:14)
	at com.exapmple.jacoco_example.TestBankAccount.extracted(TestBankAccount.java:14)
	at com.exapmple.jacoco_example.TestBankAccount.extracted(TestBankAccount.java:14)
	at com.exapmple.jacoco_example.TestBankAccount.extracted(TestBankAccount.java:14)
	at com.exapmple.jacoco_example.TestBankAccount.extracted(TestBankAccount.java:14)
	at com.exapmple.jacoco_example.TestBankAccount.extracted(TestBankAccount.java:14)
	at com.exapmple.jacoco_example.TestBankAccount.extracted(TestBankAccount.java:14)
	at com.exapmple.jacoco_example.TestBankAccount.extracted(TestBankAccount.java:14)
	at com.exapmple.jacoco_example.TestBankAccount.extracted(TestBankAccount.java:14)
	at com.exapmple.jacoco_example.TestBankAccount.extracted(TestBankAccount.java:14)
	at com.exapmple.jacoco_example.TestBankAccount.extracted(TestBankAccount.java:14)
	at com.exapmple.jacoco_example.TestBankAccount.extracted(TestBankAccount.java:14)
	at com.exapmple.jacoco_example.TestBankAccount.extracted(TestBankAccount.java:14)
	at com.exapmple.jacoco_example.TestBankAccount.extracted(TestBankAccount.java:14)
	at com.exapmple.jacoco_example.TestBankAccount.extracted(TestBankAccount.java:14)
	at com.exapmple.jacoco_example.TestBankAccount.extracted(TestBankAccount.java:14)
	at com.exapmple.jacoco_example.TestBankAccount.extracted(TestBankAccount.java:14)
	at com.exapmple.jacoco_example.TestBankAccount.extracted(TestBankAccount.java:14)
	at com.exapmple.jacoco_example.TestBankAccount.extracted(TestBankAccount.java:14)
	at com.exapmple.jacoco_example.TestBankAccount.extracted(TestBankAccount.java:14)
	at com.exapmple.jacoco_example.TestBankAccount.extracted(TestBankAccount.java:14)
	at com.exapmple.jacoco_example.TestBankAccount.extracted(TestBankAccount.java:14)
	at com.exapmple.jacoco_example.TestBankAccount.extracted(TestBankAccount.java:14)
	at com.exapmple.jacoco_example.TestBankAccount.extracted(TestBankAccount.java:14)
	at com.exapmple.jacoco_example.TestBankAccount.extracted(TestBankAccount.java:14)
	at com.exapmple.jacoco_example.TestBankAccount.extracted(TestBankAccount.java:14)
	at com.exapmple.jacoco_example.TestBankAccount.extracted(TestBankAccount.java:14)
	at com.exapmple.jacoco_example.TestBankAccount.extracted(TestBankAccount.java:14)
	at com.exapmple.jacoco_example.TestBankAccount.extracted(TestBankAccount.java:14)
	at com.exapmple.jacoco_example.TestBankAccount.extracted(TestBankAccount.java:14)
	at com.exapmple.jacoco_example.TestBankAccount.extracted(TestBankAccount.java:14)
	at com.exapmple.jacoco_example.TestBankAccount.extracted(TestBankAccount.java:14)
	at com.exapmple.jacoco_example.TestBankAccount.extracted(TestBankAccount.java:14)
	at com.exapmple.jacoco_example.TestBankAccount.extracted(TestBankAccount.java:14)
	at com.exapmple.jacoco_example.TestBankAccount.extracted(TestBankAccount.java:14)
	at com.exapmple.jacoco_example.TestBankAccount.extracted(TestBankAccount.java:14)
	at com.exapmple.jacoco_example.TestBankAccount.extracted(TestBankAccount.java:14)
	at com.exapmple.jacoco_example.TestBankAccount.extracted(TestBankAccount.java:14)
	at com.exapmple.jacoco_example.TestBankAccount.extracted(TestBankAccount.java:14)
	at com.exapmple.jacoco_example.TestBankAccount.extracted(TestBankAccount.java:14)
	at com.exapmple.jacoco_example.TestBankAccount.extracted(TestBankAccount.java:14)
	at com.exapmple.jacoco_example.TestBankAccount.extracted(TestBankAccount.java:14)
	at com.exapmple.jacoco_example.TestBankAccount.extracted(TestBankAccount.java:14)
	at com.exapmple.jacoco_example.TestBankAccount.extracted(TestBankAccount.java:14)
	at com.exapmple.jacoco_example.TestBankAccount.extracted(TestBankAccount.java:14)
	at com.exapmple.jacoco_example.TestBankAccount.extracted(TestBankAccount.java:14)
	at com.exapmple.jacoco_example.TestBankAccount.extracted(TestBankAccount.java:14)
	at com.exapmple.jacoco_example.TestBankAccount.extracted(TestBankAccount.java:14)
	at com.exapmple.jacoco_example.TestBankAccount.extracted(TestBankAccount.java:14)
	at com.exapmple.jacoco_example.TestBankAccount.extracted(TestBankAccount.java:14)
	at com.exapmple.jacoco_example.TestBankAccount.extracted(TestBankAccount.java:14)
	at com.exapmple.jacoco_example.TestBankAccount.extracted(TestBankAccount.java:14)
	at com.exapmple.jacoco_example.TestBankAccount.extracted(TestBankAccount.java:14)
	at com.exapmple.jacoco_example.TestBankAccount.extracted(TestBankAccount.java:14)
	at com.exapmple.jacoco_example.TestBankAccount.extracted(TestBankAccount.java:14)
	at com.exapmple.jacoco_example.TestBankAccount.extracted(TestBankAccount.java:14)
	at com.exapmple.jacoco_example.TestBankAccount.extracted(TestBankAccount.java:14)
	at com.exapmple.jacoco_example.TestBankAccount.extracted(TestBankAccount.java:14)
	at com.exapmple.jacoco_example.TestBankAccount.extracted(TestBankAccount.java:14)
	at com.exapmple.jacoco_example.TestBankAccount.extracted(TestBankAccount.java:14)
	at com.exapmple.jacoco_example.TestBankAccount.extracted(TestBankAccount.java:14)
	at com.exapmple.jacoco_example.TestBankAccount.extracted(TestBankAccount.java:14)
	at com.exapmple.jacoco_example.TestBankAccount.extracted(TestBankAccount.java:14)
	at com.exapmple.jacoco_example.TestBankAccount.extracted(TestBankAccount.java:14)
	at com.exapmple.jacoco_example.TestBankAccount.extracted(TestBankAccount.java:14)
	at com.exapmple.jacoco_example.TestBankAccount.extracted(TestBankAccount.java:14)
	at com.exapmple.jacoco_example.TestBankAccount.extracted(TestBankAccount.java:14)
	at com.exapmple.jacoco_example.TestBankAccount.extracted(TestBankAccount.java:14)
	at com.exapmple.jacoco_example.TestBankAccount.extracted(TestBankAccount.java:14)
	at com.exapmple.jacoco_example.TestBankAccount.extracted(TestBankAccount.java:14)
	at com.exapmple.jacoco_example.TestBankAccount.extracted(TestBankAccount.java:14)
	at com.exapmple.jacoco_example.TestBankAccount.extracted(TestBankAccount.java:14)
	at com.exapmple.jacoco_example.TestBankAccount.extracted(TestBankAccount.java:14)
	at com.exapmple.jacoco_example.TestBankAccount.extracted(TestBankAccount.java:14)
	at com.exapmple.jacoco_example.TestBankAccount.extracted(TestBankAccount.java:14)
	at com.exapmple.jacoco_example.TestBankAccount.extracted(TestBankAccount.java:14)
	at com.exapmple.jacoco_example.TestBankAccount.extracted(TestBankAccount.java:14)
	at com.exapmple.jacoco_example.TestBankAccount.extracted(TestBankAccount.java:14)
	at com.exapmple.jacoco_example.TestBankAccount.extracted(TestBankAccount.java:14)
	at com.exapmple.jacoco_example.TestBankAccount.extracted(TestBankAccount.java:14)
	at com.exapmple.jacoco_example.TestBankAccount.extracted(TestBankAccount.java:14)
	at com.exapmple.jacoco_example.TestBankAccount.extracted(TestBankAccount.java:14)
	at com.exapmple.jacoco_example.TestBankAccount.extracted(TestBankAccount.java:14)
	at com.exapmple.jacoco_example.TestBankAccount.extracted(TestBankAccount.java:14)
	at com.exapmple.jacoco_example.TestBankAccount.extracted(TestBankAccount.java:14)
	at com.exapmple.jacoco_example.TestBankAccount.extracted(TestBankAccount.java:14)
	at com.exapmple.jacoco_example.TestBankAccount.extracted(TestBankAccount.java:14)
	at com.exapmple.jacoco_example.TestBankAccount.extracted(TestBankAccount.java:14)
	at com.exapmple.jacoco_example.TestBankAccount.extracted(TestBankAccount.java:14)
	at com.exapmple.jacoco_example.TestBankAccount.extracted(TestBankAccount.java:14)
	at com.exapmple.jacoco_example.TestBankAccount.extracted(TestBankAccount.java:14)
	at com.exapmple.jacoco_example.TestBankAccount.extracted(TestBankAccount.java:14)
	at com.exapmple.jacoco_example.TestBankAccount.extracted(TestBankAccount.java:14)
	at com.exapmple.jacoco_example.TestBankAccount.extracted(TestBankAccount.java:14)
	at com.exapmple.jacoco_example.TestBankAccount.extracted(TestBankAccount.java:14)
	at com.exapmple.jacoco_example.TestBankAccount.extracted(TestBankAccount.java:14)
	at com.exapmple.jacoco_example.TestBankAccount.extracted(TestBankAccount.java:14)
	at com.exapmple.jacoco_example.TestBankAccount.extracted(TestBankAccount.java:14)
	at com.exapmple.jacoco_example.TestBankAccount.extracted(TestBankAccount.java:14)
	at com.exapmple.jacoco_example.TestBankAccount.extracted(TestBankAccount.java:14)
	at com.exapmple.jacoco_example.TestBankAccount.extracted(TestBankAccount.java:14)
	at com.exapmple.jacoco_example.TestBankAccount.extracted(TestBankAccount.java:14)
	at com.exapmple.jacoco_example.TestBankAccount.extracted(TestBankAccount.java:14)
	at com.exapmple.jacoco_example.TestBankAccount.extracted(TestBankAccount.java:14)
	at com.exapmple.jacoco_example.TestBankAccount.extracted(TestBankAccount.java:14)
	at com.exapmple.jacoco_example.TestBankAccount.extracted(TestBankAccount.java:14)
	at com.exapmple.jacoco_example.TestBankAccount.extracted(TestBankAccount.java:14)
	at com.exapmple.jacoco_example.TestBankAccount.extracted(TestBankAccount.java:14)
	at com.exapmple.jacoco_example.TestBankAccount.extracted(TestBankAccount.java:14)
	at com.exapmple.jacoco_example.TestBankAccount.extracted(TestBankAccount.java:14)
	at com.exapmple.jacoco_example.TestBankAccount.extracted(TestBankAccount.java:14)
	at com.exapmple.jacoco_example.TestBankAccount.extracted(TestBankAccount.java:14)
	at com.exapmple.jacoco_example.TestBankAccount.extracted(TestBankAccount.java:14)
	at com.exapmple.jacoco_example.TestBankAccount.extracted(TestBankAccount.java:14)
	at com.exapmple.jacoco_example.TestBankAccount.extracted(TestBankAccount.java:14)
	at com.exapmple.jacoco_example.TestBankAccount.extracted(TestBankAccount.java:14)
	at com.exapmple.jacoco_example.TestBankAccount.extracted(TestBankAccount.java:14)
	at com.exapmple.jacoco_example.TestBankAccount.extracted(TestBankAccount.java:14)
	at com.exapmple.jacoco_example.TestBankAccount.extracted(TestBankAccount.java:14)
	at com.exapmple.jacoco_example.TestBankAccount.extracted(TestBankAccount.java:14)
	at com.exapmple.jacoco_example.TestBankAccount.extracted(TestBankAccount.java:14)
	at com.exapmple.jacoco_example.TestBankAccount.extracted(TestBankAccount.java:14)
	at com.exapmple.jacoco_example.TestBankAccount.extracted(TestBankAccount.java:14)
	at com.exapmple.jacoco_example.TestBankAccount.extracted(TestBankAccount.java:14)
	at com.exapmple.jacoco_example.TestBankAccount.extracted(TestBankAccount.java:14)
	at com.exapmple.jacoco_example.TestBankAccount.extracted(TestBankAccount.java:14)
	at com.exapmple.jacoco_example.TestBankAccount.extracted(TestBankAccount.java:14)
	at com.exapmple.jacoco_example.TestBankAccount.extracted(TestBankAccount.java:14)
	at com.exapmple.jacoco_example.TestBankAccount.extracted(TestBankAccount.java:14)
	at com.exapmple.jacoco_example.TestBankAccount.extracted(TestBankAccount.java:14)
	at com.exapmple.jacoco_example.TestBankAccount.extracted(TestBankAccount.java:14)
	at com.exapmple.jacoco_example.TestBankAccount.extracted(TestBankAccount.java:14)
	at com.exapmple.jacoco_example.TestBankAccount.extracted(TestBankAccount.java:14)
	at com.exapmple.jacoco_example.TestBankAccount.extracted(TestBankAccount.java:14)
	at com.exapmple.jacoco_example.TestBankAccount.extracted(TestBankAccount.java:14)
	at com.exapmple.jacoco_example.TestBankAccount.extracted(TestBankAccount.java:14)
	at com.exapmple.jacoco_example.TestBankAccount.extracted(TestBankAccount.java:14)
	at com.exapmple.jacoco_example.TestBankAccount.extracted(TestBankAccount.java:14)
	at com.exapmple.jacoco_example.TestBankAccount.extracted(TestBankAccount.java:14)
	at com.exapmple.jacoco_example.TestBankAccount.extracted(TestBankAccount.java:14)
	at com.exapmple.jacoco_example.TestBankAccount.extracted(TestBankAccount.java:14)
	at com.exapmple.jacoco_example.TestBankAccount.extracted(TestBankAccount.java:14)
	at com.exapmple.jacoco_example.TestBankAccount.extracted(TestBankAccount.java:14)
	at com.exapmple.jacoco_example.TestBankAccount.extracted(TestBankAccount.java:14)
	at com.exapmple.jacoco_example.TestBankAccount.extracted(TestBankAccount.java:14)
	at com.exapmple.jacoco_example.TestBankAccount.extracted(TestBankAccount.java:14)
	at com.exapmple.jacoco_example.TestBankAccount.extracted(TestBankAccount.java:14)
	at com.exapmple.jacoco_example.TestBankAccount.extracted(TestBankAccount.java:14)
	at com.exapmple.jacoco_example.TestBankAccount.extracted(TestBankAccount.java:14)
	at com.exapmple.jacoco_example.TestBankAccount.extracted(TestBankAccount.java:14)
	at com.exapmple.jacoco_example.TestBankAccount.extracted(TestBankAccount.java:14)
	at com.exapmple.jacoco_example.TestBankAccount.extracted(TestBankAccount.java:14)
	at com.exapmple.jacoco_example.TestBankAccount.extracted(TestBankAccount.java:14)
	at com.exapmple.jacoco_example.TestBankAccount.extracted(TestBankAccount.java:14)
	at com.exapmple.jacoco_example.TestBankAccount.extracted(TestBankAccount.java:14)
	at com.exapmple.jacoco_example.TestBankAccount.extracted(TestBankAccount.java:14)
	at com.exapmple.jacoco_example.TestBankAccount.extracted(TestBankAccount.java:14)
	at com.exapmple.jacoco_example.TestBankAccount.extracted(TestBankAccount.java:14)
	at com.exapmple.jacoco_example.TestBankAccount.extracted(TestBankAccount.java:14)
	at com.exapmple.jacoco_example.TestBankAccount.extracted(TestBankAccount.java:14)
	at com.exapmple.jacoco_example.TestBankAccount.extracted(TestBankAccount.java:14)
	at com.exapmple.jacoco_example.TestBankAccount.extracted(TestBankAccount.java:14)
	at com.exapmple.jacoco_example.TestBankAccount.extracted(TestBankAccount.java:14)
	at com.exapmple.jacoco_example.TestBankAccount.extracted(TestBankAccount.java:14)
	at com.exapmple.jacoco_example.TestBankAccount.extracted(TestBankAccount.java:14)
	at com.exapmple.jacoco_example.TestBankAccount.extracted(TestBankAccount.java:14)
	at com.exapmple.jacoco_example.TestBankAccount.extracted(TestBankAccount.java:14)
	at com.exapmple.jacoco_example.TestBankAccount.extracted(TestBankAccount.java:14)
	at com.exapmple.jacoco_example.TestBankAccount.extracted(TestBankAccount.java:14)
	at com.exapmple.jacoco_example.TestBankAccount.extracted(TestBankAccount.java:14)
	at com.exapmple.jacoco_example.TestBankAccount.extracted(TestBankAccount.java:14)
	at com.exapmple.jacoco_example.TestBankAccount.extracted(TestBankAccount.java:14)
	at com.exapmple.jacoco_example.TestBankAccount.extracted(TestBankAccount.java:14)
	at com.exapmple.jacoco_example.TestBankAccount.extracted(TestBankAccount.java:14)
	at com.exapmple.jacoco_example.TestBankAccount.extracted(TestBankAccount.java:14)
	at com.exapmple.jacoco_example.TestBankAccount.extracted(TestBankAccount.java:14)
	at com.exapmple.jacoco_example.TestBankAccount.extracted(TestBankAccount.java:14)
	at com.exapmple.jacoco_example.TestBankAccount.extracted(TestBankAccount.java:14)
	at com.exapmple.jacoco_example.TestBankAccount.extracted(TestBankAccount.java:14)
	at com.exapmple.jacoco_example.TestBankAccount.extracted(TestBankAccount.java:14)
	at com.exapmple.jacoco_example.TestBankAccount.extracted(TestBankAccount.java:14)
	at com.exapmple.jacoco_example.TestBankAccount.extracted(TestBankAccount.java:14)
	at com.exapmple.jacoco_example.TestBankAccount.extracted(TestBankAccount.java:14)
	at com.exapmple.jacoco_example.TestBankAccount.extracted(TestBankAccount.java:14)
	at com.exapmple.jacoco_example.TestBankAccount.extracted(TestBankAccount.java:14)
	at com.exapmple.jacoco_example.TestBankAccount.extracted(TestBankAccount.java:14)
	at com.exapmple.jacoco_example.TestBankAccount.extracted(TestBankAccount.java:14)
	at com.exapmple.jacoco_example.TestBankAccount.extracted(TestBankAccount.java:14)
	at com.exapmple.jacoco_example.TestBankAccount.extracted(TestBankAccount.java:14)
	at com.exapmple.jacoco_example.TestBankAccount.extracted(TestBankAccount.java:14)
	at com.exapmple.jacoco_example.TestBankAccount.extracted(TestBankAccount.java:14)
	at com.exapmple.jacoco_example.TestBankAccount.extracted(TestBankAccount.java:14)
	at com.exapmple.jacoco_example.TestBankAccount.extracted(TestBankAccount.java:14)
	at com.exapmple.jacoco_example.TestBankAccount.extracted(TestBankAccount.java:14)
	at com.exapmple.jacoco_example.TestBankAccount.extracted(TestBankAccount.java:14)
	at com.exapmple.jacoco_example.TestBankAccount.extracted(TestBankAccount.java:14)
	at com.exapmple.jacoco_example.TestBankAccount.extracted(TestBankAccount.java:14)
	at com.exapmple.jacoco_example.TestBankAccount.extracted(TestBankAccount.java:14)
	at com.exapmple.jacoco_example.TestBankAccount.extracted(TestBankAccount.java:14)
	at com.exapmple.jacoco_example.TestBankAccount.extracted(TestBankAccount.java:14)
	at com.exapmple.jacoco_example.TestBankAccount.extracted(TestBankAccount.java:14)
	at com.exapmple.jacoco_example.TestBankAccount.extracted(TestBankAccount.java:14)
	at com.exapmple.jacoco_example.TestBankAccount.extracted(TestBankAccount.java:14)
	at com.exapmple.jacoco_example.TestBankAccount.extracted(TestBankAccount.java:14)
	at com.exapmple.jacoco_example.TestBankAccount.extracted(TestBankAccount.java:14)
	at com.exapmple.jacoco_example.TestBankAccount.extracted(TestBankAccount.java:14)
	at com.exapmple.jacoco_example.TestBankAccount.extracted(TestBankAccount.java:14)
	at com.exapmple.jacoco_example.TestBankAccount.extracted(TestBankAccount.java:14)
	at com.exapmple.jacoco_example.TestBankAccount.extracted(TestBankAccount.java:14)
	at com.exapmple.jacoco_example.TestBankAccount.extracted(TestBankAccount.java:14)
	at com.exapmple.jacoco_example.TestBankAccount.extracted(TestBankAccount.java:14)
	at com.exapmple.jacoco_example.TestBankAccount.extracted(TestBankAccount.java:14)
	at com.exapmple.jacoco_example.TestBankAccount.extracted(TestBankAccount.java:14)
	at com.exapmple.jacoco_example.TestBankAccount.extracted(TestBankAccount.java:14)
	at com.exapmple.jacoco_example.TestBankAccount.extracted(TestBankAccount.java:14)
	at com.exapmple.jacoco_example.TestBankAccount.extracted(TestBankAccount.java:14)
	at com.exapmple.jacoco_example.TestBankAccount.extracted(TestBankAccount.java:14)
	at com.exapmple.jacoco_example.TestBankAccount.extracted(TestBankAccount.java:14)
	at com.exapmple.jacoco_example.TestBankAccount.extracted(TestBankAccount.java:14)
	at com.exapmple.jacoco_example.TestBankAccount.extracted(TestBankAccount.java:14)
	at com.exapmple.jacoco_example.TestBankAccount.extracted(TestBankAccount.java:14)
	at com.exapmple.jacoco_example.TestBankAccount.extracted(TestBankAccount.java:14)
	at com.exapmple.jacoco_example.TestBankAccount.extracted(TestBankAccount.java:14)
	at com.exapmple.jacoco_example.TestBankAccount.extracted(TestBankAccount.java:14)
	at com.exapmple.jacoco_example.TestBankAccount.extracted(TestBankAccount.java:14)
	at com.exapmple.jacoco_example.TestBankAccount.extracted(TestBankAccount.java:14)
	at com.exapmple.jacoco_example.TestBankAccount.extracted(TestBankAccount.java:14)
	at com.exapmple.jacoco_example.TestBankAccount.extracted(TestBankAccount.java:14)
	at com.exapmple.jacoco_example.TestBankAccount.extracted(TestBankAccount.java:14)
	at com.exapmple.jacoco_example.TestBankAccount.extracted(TestBankAccount.java:14)
	at com.exapmple.jacoco_example.TestBankAccount.extracted(TestBankAccount.java:14)
	at com.exapmple.jacoco_example.TestBankAccount.extracted(TestBankAccount.java:14)
	at com.exapmple.jacoco_example.TestBankAccount.extracted(TestBankAccount.java:14)
	at com.exapmple.jacoco_example.TestBankAccount.extracted(TestBankAccount.java:14)
	at com.exapmple.jacoco_example.TestBankAccount.extracted(TestBankAccount.java:14)
	at com.exapmple.jacoco_example.TestBankAccount.extracted(TestBankAccount.java:14)
	at com.exapmple.jacoco_example.TestBankAccount.extracted(TestBankAccount.java:14)
	at com.exapmple.jacoco_example.TestBankAccount.extracted(TestBankAccount.java:14)
	at com.exapmple.jacoco_example.TestBankAccount.extracted(TestBankAccount.java:14)
	at com.exapmple.jacoco_example.TestBankAccount.extracted(TestBankAccount.java:14)
	at com.exapmple.jacoco_example.TestBankAccount.extracted(TestBankAccount.java:14)
	at com.exapmple.jacoco_example.TestBankAccount.extracted(TestBankAccount.java:14)
	at com.exapmple.jacoco_example.TestBankAccount.extracted(TestBankAccount.java:14)
	at com.exapmple.jacoco_example.TestBankAccount.extracted(TestBankAccount.java:14)
	at com.exapmple.jacoco_example.TestBankAccount.extracted(TestBankAccount.java:14)
	at com.exapmple.jacoco_example.TestBankAccount.extracted(TestBankAccount.java:14)
	at com.exapmple.jacoco_example.TestBankAccount.extracted(TestBankAccount.java:14)
	at com.exapmple.jacoco_example.TestBankAccount.extracted(TestBankAccount.java:14)
	at com.exapmple.jacoco_example.TestBankAccount.extracted(TestBankAccount.java:14)
	at com.exapmple.jacoco_example.TestBankAccount.extracted(TestBankAccount.java:14)
	at com.exapmple.jacoco_example.TestBankAccount.extracted(TestBankAccount.java:14)
	at com.exapmple.jacoco_example.TestBankAccount.extracted(TestBankAccount.java:14)
	at com.exapmple.jacoco_example.TestBankAccount.extracted(TestBankAccount.java:14)
	at com.exapmple.jacoco_example.TestBankAccount.extracted(TestBankAccount.java:14)
	at com.exapmple.jacoco_example.TestBankAccount.extracted(TestBankAccount.java:14)
	at com.exapmple.jacoco_example.TestBankAccount.extracted(TestBankAccount.java:14)
	at com.exapmple.jacoco_example.TestBankAccount.extracted(TestBankAccount.java:14)
	at com.exapmple.jacoco_example.TestBankAccount.extracted(TestBankAccount.java:14)
	at com.exapmple.jacoco_example.TestBankAccount.extracted(TestBankAccount.java:14)
	at com.exapmple.jacoco_example.TestBankAccount.extracted(TestBankAccount.java:14)
	at com.exapmple.jacoco_example.TestBankAccount.extracted(TestBankAccount.java:14)
	at com.exapmple.jacoco_example.TestBankAccount.extracted(TestBankAccount.java:14)
	at com.exapmple.jacoco_example.TestBankAccount.extracted(TestBankAccount.java:14)
	at com.exapmple.jacoco_example.TestBankAccount.extracted(TestBankAccount.java:14)
	at com.exapmple.jacoco_example.TestBankAccount.extracted(TestBankAccount.java:14)
	at com.exapmple.jacoco_example.TestBankAccount.extracted(TestBankAccount.java:14)
	at com.exapmple.jacoco_example.TestBankAccount.extracted(TestBankAccount.java:14)
	at com.exapmple.jacoco_example.TestBankAccount.extracted(TestBankAccount.java:14)
	at com.exapmple.jacoco_example.TestBankAccount.extracted(TestBankAccount.java:14)
	at com.exapmple.jacoco_example.TestBankAccount.extracted(TestBankAccount.java:14)
	at com.exapmple.jacoco_example.TestBankAccount.extracted(TestBankAccount.java:14)
	at com.exapmple.jacoco_example.TestBankAccount.extracted(TestBankAccount.java:14)
	at com.exapmple.jacoco_example.TestBankAccount.extracted(TestBankAccount.java:14)
	at com.exapmple.jacoco_example.TestBankAccount.extracted(TestBankAccount.java:14)
	at com.exapmple.jacoco_example.TestBankAccount.extracted(TestBankAccount.java:14)
	at com.exapmple.jacoco_example.TestBankAccount.extracted(TestBankAccount.java:14)
	at com.exapmple.jacoco_example.TestBankAccount.extracted(TestBankAccount.java:14)
	at com.exapmple.jacoco_example.TestBankAccount.extracted(TestBankAccount.java:14)
	at com.exapmple.jacoco_example.TestBankAccount.extracted(TestBankAccount.java:14)
	at com.exapmple.jacoco_example.TestBankAccount.extracted(TestBankAccount.java:14)
	at com.exapmple.jacoco_example.TestBankAccount.extracted(TestBankAccount.java:14)
	at com.exapmple.jacoco_example.TestBankAccount.extracted(TestBankAccount.java:14)
	at com.exapmple.jacoco_example.TestBankAccount.extracted(TestBankAccount.java:14)
	at com.exapmple.jacoco_example.TestBankAccount.extracted(TestBankAccount.java:14)
	at com.exapmple.jacoco_example.TestBankAccount.extracted(TestBankAccount.java:14)
	at com.exapmple.jacoco_example.TestBankAccount.extracted(TestBankAccount.java:14)
	at com.exapmple.jacoco_example.TestBankAccount.extracted(TestBankAccount.java:14)
	at com.exapmple.jacoco_example.TestBankAccount.extracted(TestBankAccount.java:14)
	at com.exapmple.jacoco_example.TestBankAccount.extracted(TestBankAccount.java:14)
	at com.exapmple.jacoco_example.TestBankAccount.extracted(TestBankAccount.java:14)
	at com.exapmple.jacoco_example.TestBankAccount.extracted(TestBankAccount.java:14)
	at com.exapmple.jacoco_example.TestBankAccount.extracted(TestBankAccount.java:14)
	at com.exapmple.jacoco_example.TestBankAccount.extracted(TestBankAccount.java:14)
	at com.exapmple.jacoco_example.TestBankAccount.extracted(TestBankAccount.java:14)
	at com.exapmple.jacoco_example.TestBankAccount.extracted(TestBankAccount.java:14)
	at com.exapmple.jacoco_example.TestBankAccount.extracted(TestBankAccount.java:14)
	at com.exapmple.jacoco_example.TestBankAccount.extracted(TestBankAccount.java:14)
	at com.exapmple.jacoco_example.TestBankAccount.extracted(TestBankAccount.java:14)
	at com.exapmple.jacoco_example.TestBankAccount.extracted(TestBankAccount.java:14)
	at com.exapmple.jacoco_example.TestBankAccount.extracted(TestBankAccount.java:14)
	at com.exapmple.jacoco_example.TestBankAccount.extracted(TestBankAccount.java:14)
	at com.exapmple.jacoco_example.TestBankAccount.extracted(TestBankAccount.java:14)
	at com.exapmple.jacoco_example.TestBankAccount.extracted(TestBankAccount.java:14)
	at com.exapmple.jacoco_example.TestBankAccount.extracted(TestBankAccount.java:14)
	at com.exapmple.jacoco_example.TestBankAccount.extracted(TestBankAccount.java:14)
	at com.exapmple.jacoco_example.TestBankAccount.extracted(TestBankAccount.java:14)
	at com.exapmple.jacoco_example.TestBankAccount.extracted(TestBankAccount.java:14)
	at com.exapmple.jacoco_example.TestBankAccount.extracted(TestBankAccount.java:14)
	at com.exapmple.jacoco_example.TestBankAccount.extracted(TestBankAccount.java:14)
	at com.exapmple.jacoco_example.TestBankAccount.extracted(TestBankAccount.java:14)
	at com.exapmple.jacoco_example.TestBankAccount.extracted(TestBankAccount.java:14)
	at com.exapmple.jacoco_example.TestBankAccount.extracted(TestBankAccount.java:14)
	at com.exapmple.jacoco_example.TestBankAccount.extracted(TestBankAccount.java:14)
	at com.exapmple.jacoco_example.TestBankAccount.extracted(TestBankAccount.java:14)
	at com.exapmple.jacoco_example.TestBankAccount.extracted(TestBankAccount.java:14)
	at com.exapmple.jacoco_example.TestBankAccount.extracted(TestBankAccount.java:14)
	at com.exapmple.jacoco_example.TestBankAccount.extracted(TestBankAccount.java:14)
	at com.exapmple.jacoco_example.TestBankAccount.extracted(TestBankAccount.java:14)
	at com.exapmple.jacoco_example.TestBankAccount.extracted(TestBankAccount.java:14)
	at com.exapmple.jacoco_example.TestBankAccount.extracted(TestBankAccount.java:14)
	at com.exapmple.jacoco_example.TestBankAccount.extracted(TestBankAccount.java:14)
	at com.exapmple.jacoco_example.TestBankAccount.extracted(TestBankAccount.java:14)
	at com.exapmple.jacoco_example.TestBankAccount.extracted(TestBankAccount.java:14)
	at com.exapmple.jacoco_example.TestBankAccount.extracted(TestBankAccount.java:14)
	at com.exapmple.jacoco_example.TestBankAccount.extracted(TestBankAccount.java:14)
	at com.exapmple.jacoco_example.TestBankAccount.extracted(TestBankAccount.java:14)
	at com.exapmple.jacoco_example.TestBankAccount.extracted(TestBankAccount.java:14)
	at com.exapmple.jacoco_example.TestBankAccount.extracted(TestBankAccount.java:14)
	at com.exapmple.jacoco_example.TestBankAccount.extracted(TestBankAccount.java:14)
	at com.exapmple.jacoco_example.TestBankAccount.extracted(TestBankAccount.java:14)
	at com.exapmple.jacoco_example.TestBankAccount.extracted(TestBankAccount.java:14)
	at com.exapmple.jacoco_example.TestBankAccount.extracted(TestBankAccount.java:14)
	at com.exapmple.jacoco_example.TestBankAccount.extracted(TestBankAccount.java:14)
	at com.exapmple.jacoco_example.TestBankAccount.extracted(TestBankAccount.java:14)
	at com.exapmple.jacoco_example.TestBankAccount.extracted(TestBankAccount.java:14)
	at com.exapmple.jacoco_example.TestBankAccount.extracted(TestBankAccount.java:14)
	at com.exapmple.jacoco_example.TestBankAccount.extracted(TestBankAccount.java:14)
	at com.exapmple.jacoco_example.TestBankAccount.extracted(TestBankAccount.java:14)
	at com.exapmple.jacoco_example.TestBankAccount.extracted(TestBankAccount.java:14)
	at com.exapmple.jacoco_example.TestBankAccount.extracted(TestBankAccount.java:14)
	at com.exapmple.jacoco_example.TestBankAccount.extracted(TestBankAccount.java:14)
	at com.exapmple.jacoco_example.TestBankAccount.extracted(TestBankAccount.java:14)
	at com.exapmple.jacoco_example.TestBankAccount.extracted(TestBankAccount.java:14)
	at com.exapmple.jacoco_example.TestBankAccount.extracted(TestBankAccount.java:14)
	at com.exapmple.jacoco_example.TestBankAccount.extracted(TestBankAccount.java:14)
	at com.exapmple.jacoco_example.TestBankAccount.extracted(TestBankAccount.java:14)
	at com.exapmple.jacoco_example.TestBankAccount.extracted(TestBankAccount.java:14)
	at com.exapmple.jacoco_example.TestBankAccount.extracted(TestBankAccount.java:14)
	at com.exapmple.jacoco_example.TestBankAccount.extracted(TestBankAccount.java:14)
	at com.exapmple.jacoco_example.TestBankAccount.extracted(TestBankAccount.java:14)
	at com.exapmple.jacoco_example.TestBankAccount.extracted(TestBankAccount.java:14)
	at com.exapmple.jacoco_example.TestBankAccount.extracted(TestBankAccount.java:14)
	at com.exapmple.jacoco_example.TestBankAccount.extracted(TestBankAccount.java:14)
	at com.exapmple.jacoco_example.TestBankAccount.extracted(TestBankAccount.java:14)
	at com.exapmple.jacoco_example.TestBankAccount.extracted(TestBankAccount.java:14)
	at com.exapmple.jacoco_example.TestBankAccount.extracted(TestBankAccount.java:14)
	at com.exapmple.jacoco_example.TestBankAccount.extracted(TestBankAccount.java:14)
	at com.exapmple.jacoco_example.TestBankAccount.extracted(TestBankAccount.java:14)
	at com.exapmple.jacoco_example.TestBankAccount.extracted(TestBankAccount.java:14)
	at com.exapmple.jacoco_example.TestBankAccount.extracted(TestBankAccount.java:14)
	at com.exapmple.jacoco_example.TestBankAccount.extracted(TestBankAccount.java:14)
	at com.exapmple.jacoco_example.TestBankAccount.extracted(TestBankAccount.java:14)
	at com.exapmple.jacoco_example.TestBankAccount.extracted(TestBankAccount.java:14)
	at com.exapmple.jacoco_example.TestBankAccount.extracted(TestBankAccount.java:14)
	at com.exapmple.jacoco_example.TestBankAccount.extracted(TestBankAccount.java:14)
	at com.exapmple.jacoco_example.TestBankAccount.extracted(TestBankAccount.java:14)
	at com.exapmple.jacoco_example.TestBankAccount.extracted(TestBankAccount.java:14)
	at com.exapmple.jacoco_example.TestBankAccount.extracted(TestBankAccount.java:14)
	at com.exapmple.jacoco_example.TestBankAccount.extracted(TestBankAccount.java:14)
	at com.exapmple.jacoco_example.TestBankAccount.extracted(TestBankAccount.java:14)
	at com.exapmple.jacoco_example.TestBankAccount.extracted(TestBankAccount.java:14)
	at com.exapmple.jacoco_example.TestBankAccount.extracted(TestBankAccount.java:14)
	at com.exapmple.jacoco_example.TestBankAccount.extracted(TestBankAccount.java:14)
	at com.exapmple.jacoco_example.TestBankAccount.extracted(TestBankAccount.java:14)
	at com.exapmple.jacoco_example.TestBankAccount.extracted(TestBankAccount.java:14)
	at com.exapmple.jacoco_example.TestBankAccount.extracted(TestBankAccount.java:14)
	at com.exapmple.jacoco_example.TestBankAccount.extracted(TestBankAccount.java:14)
	at com.exapmple.jacoco_example.TestBankAccount.extracted(TestBankAccount.java:14)
	at com.exapmple.jacoco_example.TestBankAccount.extracted(TestBankAccount.java:14)
	at com.exapmple.jacoco_example.TestBankAccount.extracted(TestBankAccount.java:14)
	at com.exapmple.jacoco_example.TestBankAccount.extracted(TestBankAccount.java:14)
	at com.exapmple.jacoco_example.TestBankAccount.extracted(TestBankAccount.java:14)
	at com.exapmple.jacoco_example.TestBankAccount.extracted(TestBankAccount.java:14)
	at com.exapmple.jacoco_example.TestBankAccount.extracted(TestBankAccount.java:14)
	at com.exapmple.jacoco_example.TestBankAccount.extracted(TestBankAccount.java:14)
	at com.exapmple.jacoco_example.TestBankAccount.extracted(TestBankAccount.java:14)
	at com.exapmple.jacoco_example.TestBankAccount.extracted(TestBankAccount.java:14)
	at com.exapmple.jacoco_example.TestBankAccount.extracted(TestBankAccount.java:14)
	at com.exapmple.jacoco_example.TestBankAccount.extracted(TestBankAccount.java:14)
	at com.exapmple.jacoco_example.TestBankAccount.extracted(TestBankAccount.java:14)
	at com.exapmple.jacoco_example.TestBankAccount.extracted(TestBankAccount.java:14)
	at com.exapmple.jacoco_example.TestBankAccount.extracted(TestBankAccount.java:14)
	at com.exapmple.jacoco_example.TestBankAccount.extracted(TestBankAccount.java:14)
	at com.exapmple.jacoco_example.TestBankAccount.extracted(TestBankAccount.java:14)
	at com.exapmple.jacoco_example.TestBankAccount.extracted(TestBankAccount.java:14)
	at com.exapmple.jacoco_example.TestBankAccount.extracted(TestBankAccount.java:14)
	at com.exapmple.jacoco_example.TestBankAccount.extracted(TestBankAccount.java:14)
	at com.exapmple.jacoco_example.TestBankAccount.extracted(TestBankAccount.java:14)
	at com.exapmple.jacoco_example.TestBankAccount.extracted(TestBankAccount.java:14)
	at com.exapmple.jacoco_example.TestBankAccount.extracted(TestBankAccount.java:14)
	at com.exapmple.jacoco_example.TestBankAccount.extracted(TestBankAccount.java:14)
	at com.exapmple.jacoco_example.TestBankAccount.extracted(TestBankAccount.java:14)
	at com.exapmple.jacoco_example.TestBankAccount.extracted(TestBankAccount.java:14)
	at com.exapmple.jacoco_example.TestBankAccount.extracted(TestBankAccount.java:14)
	at com.exapmple.jacoco_example.TestBankAccount.extracted(TestBankAccount.java:14)
	at com.exapmple.jacoco_example.TestBankAccount.extracted(TestBankAccount.java:14)
	at com.exapmple.jacoco_example.TestBankAccount.extracted(TestBankAccount.java:14)
	at com.exapmple.jacoco_example.TestBankAccount.extracted(TestBankAccount.java:14)
	at com.exapmple.jacoco_example.TestBankAccount.extracted(TestBankAccount.java:14)
	at com.exapmple.jacoco_example.TestBankAccount.extracted(TestBankAccount.java:14)
	at com.exapmple.jacoco_example.TestBankAccount.extracted(TestBankAccount.java:14)
	at com.exapmple.jacoco_example.TestBankAccount.extracted(TestBankAccount.java:14)
	at com.exapmple.jacoco_example.TestBankAccount.extracted(TestBankAccount.java:14)
	at com.exapmple.jacoco_example.TestBankAccount.extracted(TestBankAccount.java:14)
	at com.exapmple.jacoco_example.TestBankAccount.extracted(TestBankAccount.java:14)
	at com.exapmple.jacoco_example.TestBankAccount.extracted(TestBankAccount.java:14)
	at com.exapmple.jacoco_example.TestBankAccount.extracted(TestBankAccount.java:14)
	at com.exapmple.jacoco_example.TestBankAccount.extracted(TestBankAccount.java:14)
	at com.exapmple.jacoco_example.TestBankAccount.extracted(TestBankAccount.java:14)
	at com.exapmple.jacoco_example.TestBankAccount.extracted(TestBankAccount.java:14)
	at com.exapmple.jacoco_example.TestBankAccount.extracted(TestBankAccount.java:14)
	at com.exapmple.jacoco_example.TestBankAccount.extracted(TestBankAccount.java:14)
	at com.exapmple.jacoco_example.TestBankAccount.extracted(TestBankAccount.java:14)
	at com.exapmple.jacoco_example.TestBankAccount.extracted(TestBankAccount.java:14)
	at com.exapmple.jacoco_example.TestBankAccount.extracted(TestBankAccount.java:14)
	at com.exapmple.jacoco_example.TestBankAccount.extracted(TestBankAccount.java:14)
	at com.exapmple.jacoco_example.TestBankAccount.extracted(TestBankAccount.java:14)
	at com.exapmple.jacoco_example.TestBankAccount.extracted(TestBankAccount.java:14)
	at com.exapmple.jacoco_example.TestBankAccount.extracted(TestBankAccount.java:14)
	at com.exapmple.jacoco_example.TestBankAccount.extracted(TestBankAccount.java:14)
	at com.exapmple.jacoco_example.TestBankAccount.extracted(TestBankAccount.java:14)
	at com.exapmple.jacoco_example.TestBankAccount.extracted(TestBankAccount.java:14)
	at com.exapmple.jacoco_example.TestBankAccount.extracted(TestBankAccount.java:14)
	at com.exapmple.jacoco_example.TestBankAccount.extracted(TestBankAccount.java:14)
	at com.exapmple.jacoco_example.TestBankAccount.extracted(TestBankAccount.java:14)
	at com.exapmple.jacoco_example.TestBankAccount.extracted(TestBankAccount.java:14)
	at com.exapmple.jacoco_example.TestBankAccount.extracted(TestBankAccount.java:14)
	at com.exapmple.jacoco_example.TestBankAccount.extracted(TestBankAccount.java:14)
	at com.exapmple.jacoco_example.TestBankAccount.extracted(TestBankAccount.java:14)
	at com.exapmple.jacoco_example.TestBankAccount.extracted(TestBankAccount.java:14)
	at com.exapmple.jacoco_example.TestBankAccount.extracted(TestBankAccount.java:14)
	at com.exapmple.jacoco_example.TestBankAccount.extracted(TestBankAccount.java:14)
	at com.exapmple.jacoco_example.TestBankAccount.extracted(TestBankAccount.java:14)
	at com.exapmple.jacoco_example.TestBankAccount.extracted(TestBankAccount.java:14)
	at com.exapmple.jacoco_example.TestBankAccount.extracted(TestBankAccount.java:14)
	at com.exapmple.jacoco_example.TestBankAccount.extracted(TestBankAccount.java:14)
	at com.exapmple.jacoco_example.TestBankAccount.extracted(TestBankAccount.java:14)
	at com.exapmple.jacoco_example.TestBankAccount.extracted(TestBankAccount.java:14)
	at com.exapmple.jacoco_example.TestBankAccount.extracted(TestBankAccount.java:14)
	at com.exapmple.jacoco_example.TestBankAccount.extracted(TestBankAccount.java:14)
	at com.exapmple.jacoco_example.TestBankAccount.extracted(TestBankAccount.java:14)
	at com.exapmple.jacoco_example.TestBankAccount.extracted(TestBankAccount.java:14)
	at com.exapmple.jacoco_example.TestBankAccount.extracted(TestBankAccount.java:14)
	at com.exapmple.jacoco_example.TestBankAccount.extracted(TestBankAccount.java:14)
	at com.exapmple.jacoco_example.TestBankAccount.extracted(TestBankAccount.java:14)
	at com.exapmple.jacoco_example.TestBankAccount.extracted(TestBankAccount.java:14)
	at com.exapmple.jacoco_example.TestBankAccount.extracted(TestBankAccount.java:14)
	at com.exapmple.jacoco_example.TestBankAccount.extracted(TestBankAccount.java:14)
	at com.exapmple.jacoco_example.TestBankAccount.extracted(TestBankAccount.java:14)
	at com.exapmple.jacoco_example.TestBankAccount.extracted(TestBankAccount.java:14)
	at com.exapmple.jacoco_example.TestBankAccount.extracted(TestBankAccount.java:14)
	at com.exapmple.jacoco_example.TestBankAccount.extracted(TestBankAccount.java:14)
	at com.exapmple.jacoco_example.TestBankAccount.extracted(TestBankAccount.java:14)
	at com.exapmple.jacoco_example.TestBankAccount.extracted(TestBankAccount.java:14)
	at com.exapmple.jacoco_example.TestBankAccount.extracted(TestBankAccount.java:14)
	at com.exapmple.jacoco_example.TestBankAccount.extracted(TestBankAccount.java:14)
	at com.exapmple.jacoco_example.TestBankAccount.extracted(TestBankAccount.java:14)
	at com.exapmple.jacoco_example.TestBankAccount.extracted(TestBankAccount.java:14)
	at com.exapmple.jacoco_example.TestBankAccount.extracted(TestBankAccount.java:14)
	at com.exapmple.jacoco_example.TestBankAccount.extracted(TestBankAccount.java:14)
	at com.exapmple.jacoco_example.TestBankAccount.extracted(TestBankAccount.java:14)
	at com.exapmple.jacoco_example.TestBankAccount.extracted(TestBankAccount.java:14)
	at com.exapmple.jacoco_example.TestBankAccount.extracted(TestBankAccount.java:14)
	at com.exapmple.jacoco_example.TestBankAccount.extracted(TestBankAccount.java:14)
	at com.exapmple.jacoco_example.TestBankAccount.extracted(TestBankAccount.java:14)
	at com.exapmple.jacoco_example.TestBankAccount.extracted(TestBankAccount.java:14)
	at com.exapmple.jacoco_example.TestBankAccount.extracted(TestBankAccount.java:14)
	at com.exapmple.jacoco_example.TestBankAccount.extracted(TestBankAccount.java:14)
	at com.exapmple.jacoco_example.TestBankAccount.extracted(TestBankAccount.java:14)
	at com.exapmple.jacoco_example.TestBankAccount.extracted(TestBankAccount.java:14)
	at com.exapmple.jacoco_example.TestBankAccount.extracted(TestBankAccount.java:14)
	at com.exapmple.jacoco_example.TestBankAccount.extracted(TestBankAccount.java:14)
	at com.exapmple.jacoco_example.TestBankAccount.extracted(TestBankAccount.java:14)
	at com.exapmple.jacoco_example.TestBankAccount.extracted(TestBankAccount.java:14)
	at com.exapmple.jacoco_example.TestBankAccount.extracted(TestBankAccount.java:14)
	at com.exapmple.jacoco_example.TestBankAccount.extracted(TestBankAccount.java:14)
	at com.exapmple.jacoco_example.TestBankAccount.extracted(TestBankAccount.java:14)
	at com.exapmple.jacoco_example.TestBankAccount.extracted(TestBankAccount.java:14)
	at com.exapmple.jacoco_example.TestBankAccount.extracted(TestBankAccount.java:14)
	at com.exapmple.jacoco_example.TestBankAccount.extracted(TestBankAccount.java:14)
	at com.exapmple.jacoco_example.TestBankAccount.extracted(TestBankAccount.java:14)
	at com.exapmple.jacoco_example.TestBankAccount.extracted(TestBankAccount.java:14)
	at com.exapmple.jacoco_example.TestBankAccount.extracted(TestBankAccount.java:14)
	at com.exapmple.jacoco_example.TestBankAccount.extracted(TestBankAccount.java:14)
	at com.exapmple.jacoco_example.TestBankAccount.extracted(TestBankAccount.java:14)
	at com.exapmple.jacoco_example.TestBankAccount.extracted(TestBankAccount.java:14)
	at com.exapmple.jacoco_example.TestBankAccount.extracted(TestBankAccount.java:14)
	at com.exapmple.jacoco_example.TestBankAccount.extracted(TestBankAccount.java:14)
	at com.exapmple.jacoco_example.TestBankAccount.extracted(TestBankAccount.java:14)
	at com.exapmple.jacoco_example.TestBankAccount.extracted(TestBankAccount.java:14)
	at com.exapmple.jacoco_example.TestBankAccount.extracted(TestBankAccount.java:14)
	at com.exapmple.jacoco_example.TestBankAccount.extracted(TestBankAccount.java:14)
	at com.exapmple.jacoco_example.TestBankAccount.extracted(TestBankAccount.java:14)
	at com.exapmple.jacoco_example.TestBankAccount.extracted(TestBankAccount.java:14)
	at com.exapmple.jacoco_example.TestBankAccount.extracted(TestBankAccount.java:14)
	at com.exapmple.jacoco_example.TestBankAccount.extracted(TestBankAccount.java:14)
	at com.exapmple.jacoco_example.TestBankAccount.extracted(TestBankAccount.java:14)
	at com.exapmple.jacoco_example.TestBankAccount.extracted(TestBankAccount.java:14)
	at com.exapmple.jacoco_example.TestBankAccount.extracted(TestBankAccount.java:14)
	at com.exapmple.jacoco_example.TestBankAccount.extracted(TestBankAccount.java:14)
	at com.exapmple.jacoco_example.TestBankAccount.extracted(TestBankAccount.java:14)
	at com.exapmple.jacoco_example.TestBankAccount.extracted(TestBankAccount.java:14)
	at com.exapmple.jacoco_example.TestBankAccount.extracted(TestBankAccount.java:14)
	at com.exapmple.jacoco_example.TestBankAccount.extracted(TestBankAccount.java:14)
	at com.exapmple.jacoco_example.TestBankAccount.extracted(TestBankAccount.java:14)
	at com.exapmple.jacoco_example.TestBankAccount.extracted(TestBankAccount.java:14)
	at com.exapmple.jacoco_example.TestBankAccount.extracted(TestBankAccount.java:14)
	at com.exapmple.jacoco_example.TestBankAccount.extracted(TestBankAccount.java:14)
	at com.exapmple.jacoco_example.TestBankAccount.extracted(TestBankAccount.java:14)
	at com.exapmple.jacoco_example.TestBankAccount.extracted(TestBankAccount.java:14)
	at com.exapmple.jacoco_example.TestBankAccount.extracted(TestBankAccount.java:14)
	at com.exapmple.jacoco_example.TestBankAccount.extracted(TestBankAccount.java:14)
	at com.exapmple.jacoco_example.TestBankAccount.extracted(TestBankAccount.java:14)
	at com.exapmple.jacoco_example.TestBankAccount.extracted(TestBankAccount.java:14)
	at com.exapmple.jacoco_example.TestBankAccount.extracted(TestBankAccount.java:14)
	at com.exapmple.jacoco_example.TestBankAccount.extracted(TestBankAccount.java:14)
	at com.exapmple.jacoco_example.TestBankAccount.extracted(TestBankAccount.java:14)
	at com.exapmple.jacoco_example.TestBankAccount.extracted(TestBankAccount.java:14)
	at com.exapmple.jacoco_example.TestBankAccount.extracted(TestBankAccount.java:14)
	at com.exapmple.jacoco_example.TestBankAccount.extracted(TestBankAccount.java:14)
	at com.exapmple.jacoco_example.TestBankAccount.extracted(TestBankAccount.java:14)
	at com.exapmple.jacoco_example.TestBankAccount.extracted(TestBankAccount.java:14)
	at com.exapmple.jacoco_example.TestBankAccount.extracted(TestBankAccount.java:14)
	at com.exapmple.jacoco_example.TestBankAccount.extracted(TestBankAccount.java:14)
	at com.exapmple.jacoco_example.TestBankAccount.extracted(TestBankAccount.java:14)
	at com.exapmple.jacoco_example.TestBankAccount.extracted(TestBankAccount.java:14)
	at com.exapmple.jacoco_example.TestBankAccount.extracted(TestBankAccount.java:14)
	at com.exapmple.jacoco_example.TestBankAccount.extracted(TestBankAccount.java:14)
	at com.exapmple.jacoco_example.TestBankAccount.extracted(TestBankAccount.java:14)
	at com.exapmple.jacoco_example.TestBankAccount.extracted(TestBankAccount.java:14)
	at com.exapmple.jacoco_example.TestBankAccount.extracted(TestBankAccount.java:14)
	at com.exapmple.jacoco_example.TestBankAccount.extracted(TestBankAccount.java:14)
	at com.exapmple.jacoco_example.TestBankAccount.extracted(TestBankAccount.java:14)
	at com.exapmple.jacoco_example.TestBankAccount.extracted(TestBankAccount.java:14)
	at com.exapmple.jacoco_example.TestBankAccount.extracted(TestBankAccount.java:14)
	at com.exapmple.jacoco_example.TestBankAccount.extracted(TestBankAccount.java:14)
	at com.exapmple.jacoco_example.TestBankAccount.extracted(TestBankAccount.java:14)
	at com.exapmple.jacoco_example.TestBankAccount.extracted(TestBankAccount.java:14)
	at com.exapmple.jacoco_example.TestBankAccount.extracted(TestBankAccount.java:14)
	at com.exapmple.jacoco_example.TestBankAccount.extracted(TestBankAccount.java:14)
	at com.exapmple.jacoco_example.TestBankAccount.extracted(TestBankAccount.java:14)
	at com.exapmple.jacoco_example.TestBankAccount.extracted(TestBankAccount.java:14)
	at com.exapmple.jacoco_example.TestBankAccount.extracted(TestBankAccount.java:14)
	at com.exapmple.jacoco_example.TestBankAccount.extracted(TestBankAccount.java:14)
	at com.exapmple.jacoco_example.TestBankAccount.extracted(TestBankAccount.java:14)
	at com.exapmple.jacoco_example.TestBankAccount.extracted(TestBankAccount.java:14)
	at com.exapmple.jacoco_example.TestBankAccount.extracted(TestBankAccount.java:14)
	at com.exapmple.jacoco_example.TestBankAccount.extracted(TestBankAccount.java:14)
	at com.exapmple.jacoco_example.TestBankAccount.extracted(TestBankAccount.java:14)
	at com.exapmple.jacoco_example.TestBankAccount.extracted(TestBankAccount.java:14)
	at com.exapmple.jacoco_example.TestBankAccount.extracted(TestBankAccount.java:14)
	at com.exapmple.jacoco_example.TestBankAccount.extracted(TestBankAccount.java:14)
	at com.exapmple.jacoco_example.TestBankAccount.extracted(TestBankAccount.java:14)
	at com.exapmple.jacoco_example.TestBankAccount.extracted(TestBankAccount.java:14)
	at com.exapmple.jacoco_example.TestBankAccount.extracted(TestBankAccount.java:14)
	at com.exapmple.jacoco_example.TestBankAccount.extracted(TestBankAccount.java:14)
	at com.exapmple.jacoco_example.TestBankAccount.extracted(TestBankAccount.java:14)
	at com.exapmple.jacoco_example.TestBankAccount.extracted(TestBankAccount.java:14)
	at com.exapmple.jacoco_example.TestBankAccount.extracted(TestBankAccount.java:14)
	at com.exapmple.jacoco_example.TestBankAccount.extracted(TestBankAccount.java:14)
	at com.exapmple.jacoco_example.TestBankAccount.extracted(TestBankAccount.java:14)
	at com.exapmple.jacoco_example.TestBankAccount.extracted(TestBankAccount.java:14)
	at com.exapmple.jacoco_example.TestBankAccount.extracted(TestBankAccount.java:14)
	at com.exapmple.jacoco_example.TestBankAccount.extracted(TestBankAccount.java:14)
	at com.exapmple.jacoco_example.TestBankAccount.extracted(TestBankAccount.java:14)
	at com.exapmple.jacoco_example.TestBankAccount.extracted(TestBankAccount.java:14)
	at com.exapmple.jacoco_example.TestBankAccount.extracted(TestBankAccount.java:14)
	at com.exapmple.jacoco_example.TestBankAccount.extracted(TestBankAccount.java:14)
	at com.exapmple.jacoco_example.TestBankAccount.extracted(TestBankAccount.java:14)
	at com.exapmple.jacoco_example.TestBankAccount.extracted(TestBankAccount.java:14)
	at com.exapmple.jacoco_example.TestBankAccount.extracted(TestBankAccount.java:14)
	at com.exapmple.jacoco_example.TestBankAccount.extracted(TestBankAccount.java:14)
	at com.exapmple.jacoco_example.TestBankAccount.extracted(TestBankAccount.java:14)
	at com.exapmple.jacoco_example.TestBankAccount.extracted(TestBankAccount.java:14)
	at com.exapmple.jacoco_example.TestBankAccount.extracted(TestBankAccount.java:14)
	at com.exapmple.jacoco_example.TestBankAccount.extracted(TestBankAccount.java:14)
	at com.exapmple.jacoco_example.TestBankAccount.extracted(TestBankAccount.java:14)
	at com.exapmple.jacoco_example.TestBankAccount.extracted(TestBankAccount.java:14)
	at com.exapmple.jacoco_example.TestBankAccount.extracted(TestBankAccount.java:14)
	at com.exapmple.jacoco_example.TestBankAccount.extracted(TestBankAccount.java:14)
	at com.exapmple.jacoco_example.TestBankAccount.extracted(TestBankAccount.java:14)
	at com.exapmple.jacoco_example.TestBankAccount.extracted(TestBankAccount.java:14)
	at com.exapmple.jacoco_example.TestBankAccount.extracted(TestBankAccount.java:14)
	at com.exapmple.jacoco_example.TestBankAccount.extracted(TestBankAccount.java:14)
	at com.exapmple.jacoco_example.TestBankAccount.extracted(TestBankAccount.java:14)
	at com.exapmple.jacoco_example.TestBankAccount.extracted(TestBankAccount.java:14)
	at com.exapmple.jacoco_example.TestBankAccount.extracted(TestBankAccount.java:14)
	at com.exapmple.jacoco_example.TestBankAccount.extracted(TestBankAccount.java:14)
	at com.exapmple.jacoco_example.TestBankAccount.extracted(TestBankAccount.java:14)
	at com.exapmple.jacoco_example.TestBankAccount.extracted(TestBankAccount.java:14)
	at com.exapmple.jacoco_example.TestBankAccount.extracted(TestBankAccount.java:14)
	at com.exapmple.jacoco_example.TestBankAccount.extracted(TestBankAccount.java:14)
	at com.exapmple.jacoco_example.TestBankAccount.extracted(TestBankAccount.java:14)
	at com.exapmple.jacoco_example.TestBankAccount.extracted(TestBankAccount.java:14)
	at com.exapmple.jacoco_example.TestBankAccount.extracted(TestBankAccount.java:14)
	at com.exapmple.jacoco_example.TestBankAccount.extracted(TestBankAccount.java:14)
	at com.exapmple.jacoco_example.TestBankAccount.extracted(TestBankAccount.java:14)
	at com.exapmple.jacoco_example.TestBankAccount.extracted(TestBankAccount.java:14)
	at com.exapmple.jacoco_example.TestBankAccount.extracted(TestBankAccount.java:14)
	at com.exapmple.jacoco_example.TestBankAccount.extracted(TestBankAccount.java:14)
	at com.exapmple.jacoco_example.TestBankAccount.extracted(TestBankAccount.java:14)
	at com.exapmple.jacoco_example.TestBankAccount.extracted(TestBankAccount.java:14)
	at com.exapmple.jacoco_example.TestBankAccount.extracted(TestBankAccount.java:14)
	at com.exapmple.jacoco_example.TestBankAccount.extracted(TestBankAccount.java:14)
	at com.exapmple.jacoco_example.TestBankAccount.extracted(TestBankAccount.java:14)
	at com.exapmple.jacoco_example.TestBankAccount.extracted(TestBankAccount.java:14)
	at com.exapmple.jacoco_example.TestBankAccount.extracted(TestBankAccount.java:14)
	at com.exapmple.jacoco_example.TestBankAccount.extracted(TestBankAccount.java:14)
	at com.exapmple.jacoco_example.TestBankAccount.extracted(TestBankAccount.java:14)
	at com.exapmple.jacoco_example.TestBankAccount.extracted(TestBankAccount.java:14)
	at com.exapmple.jacoco_example.TestBankAccount.extracted(TestBankAccount.java:14)
	at com.exapmple.jacoco_example.TestBankAccount.extracted(TestBankAccount.java:14)
	at com.exapmple.jacoco_example.TestBankAccount.extracted(TestBankAccount.java:14)
	at com.exapmple.jacoco_example.TestBankAccount.extracted(TestBankAccount.java:14)
	at com.exapmple.jacoco_example.TestBankAccount.extracted(TestBankAccount.java:14)
	at com.exapmple.jacoco_example.TestBankAccount.extracted(TestBankAccount.java:14)
	at com.exapmple.jacoco_example.TestBankAccount.extracted(TestBankAccount.java:14)
	at com.exapmple.jacoco_example.TestBankAccount.extracted(TestBankAccount.java:14)
	at com.exapmple.jacoco_example.TestBankAccount.extracted(TestBankAccount.java:14)
	at com.exapmple.jacoco_example.TestBankAccount.extracted(TestBankAccount.java:14)
	at com.exapmple.jacoco_example.TestBankAccount.extracted(TestBankAccount.java:14)
	at com.exapmple.jacoco_example.TestBankAccount.extracted(TestBankAccount.java:14)
	at com.exapmple.jacoco_example.TestBankAccount.extracted(TestBankAccount.java:14)
	at com.exapmple.jacoco_example.TestBankAccount.extracted(TestBankAccount.java:14)
	at com.exapmple.jacoco_example.TestBankAccount.extracted(TestBankAccount.java:14)
	at com.exapmple.jacoco_example.TestBankAccount.extracted(TestBankAccount.java:14)
	at com.exapmple.jacoco_example.TestBankAccount.extracted(TestBankAccount.java:14)
	at com.exapmple.jacoco_example.TestBankAccount.extracted(TestBankAccount.java:14)
	at com.exapmple.jacoco_example.TestBankAccount.extracted(TestBankAccount.java:14)
	at com.exapmple.jacoco_example.TestBankAccount.extracted(TestBankAccount.java:14)
	at com.exapmple.jacoco_example.TestBankAccount.extracted(TestBankAccount.java:14)
	at com.exapmple.jacoco_example.TestBankAccount.extracted(TestBankAccount.java:14)
	at com.exapmple.jacoco_example.TestBankAccount.extracted(TestBankAccount.java:14)
	at com.exapmple.jacoco_example.TestBankAccount.extracted(TestBankAccount.java:14)
	at com.exapmple.jacoco_example.TestBankAccount.extracted(TestBankAccount.java:14)
	at com.exapmple.jacoco_example.TestBankAccount.extracted(TestBankAccount.java:14)
	at com.exapmple.jacoco_example.TestBankAccount.extracted(TestBankAccount.java:14)
	at com.exapmple.jacoco_example.TestBankAccount.extracted(TestBankAccount.java:14)
	at com.exapmple.jacoco_example.TestBankAccount.extracted(TestBankAccount.java:14)
	at com.exapmple.jacoco_example.TestBankAccount.extracted(TestBankAccount.java:14)
	at com.exapmple.jacoco_example.TestBankAccount.extracted(TestBankAccount.java:14)
	at com.exapmple.jacoco_example.TestBankAccount.extracted(TestBankAccount.java:14)
	at com.exapmple.jacoco_example.TestBankAccount.extracted(TestBankAccount.java:14)
	at com.exapmple.jacoco_example.TestBankAccount.extracted(TestBankAccount.java:14)
	at com.exapmple.jacoco_example.TestBankAccount.extracted(TestBankAccount.java:14)
	at com.exapmple.jacoco_example.TestBankAccount.extracted(TestBankAccount.java:14)
	at com.exapmple.jacoco_example.TestBankAccount.extracted(TestBankAccount.java:14)
	at com.exapmple.jacoco_example.TestBankAccount.extracted(TestBankAccount.java:14)
	at com.exapmple.jacoco_example.TestBankAccount.extracted(TestBankAccount.java:14)
	at com.exapmple.jacoco_example.TestBankAccount.extracted(TestBankAccount.java:14)
	at com.exapmple.jacoco_example.TestBankAccount.extracted(TestBankAccount.java:14)
	at com.exapmple.jacoco_example.TestBankAccount.extracted(TestBankAccount.java:14)
	at com.exapmple.jacoco_example.TestBankAccount.extracted(TestBankAccount.java:14)
	at com.exapmple.jacoco_example.TestBankAccount.extracted(TestBankAccount.java:14)
	at com.exapmple.jacoco_example.TestBankAccount.extracted(TestBankAccount.java:14)
	at com.exapmple.jacoco_example.TestBankAccount.extracted(TestBankAccount.java:14)
	at com.exapmple.jacoco_example.TestBankAccount.extracted(TestBankAccount.java:14)
	at com.exapmple.jacoco_example.TestBankAccount.extracted(TestBankAccount.java:14)
	at com.exapmple.jacoco_example.TestBankAccount.extracted(TestBankAccount.java:14)
	at com.exapmple.jacoco_example.TestBankAccount.extracted(TestBankAccount.java:14)
	at com.exapmple.jacoco_example.TestBankAccount.extracted(TestBankAccount.java:14)
	at com.exapmple.jacoco_example.TestBankAccount.extracted(TestBankAccount.java:14)
	at com.exapmple.jacoco_example.TestBankAccount.extracted(TestBankAccount.java:14)
	at com.exapmple.jacoco_example.TestBankAccount.extracted(TestBankAccount.java:14)
	at com.exapmple.jacoco_example.TestBankAccount.extracted(TestBankAccount.java:14)
	at com.exapmple.jacoco_example.TestBankAccount.extracted(TestBankAccount.java:14)
	at com.exapmple.jacoco_example.TestBankAccount.extracted(TestBankAccount.java:14)
	at com.exapmple.jacoco_example.TestBankAccount.extracted(TestBankAccount.java:14)
	at com.exapmple.jacoco_example.TestBankAccount.extracted(TestBankAccount.java:14)
	at com.exapmple.jacoco_example.TestBankAccount.extracted(TestBankAccount.java:14)
	at com.exapmple.jacoco_example.TestBankAccount.extracted(TestBankAccount.java:14)
	at com.exapmple.jacoco_example.TestBankAccount.extracted(TestBankAccount.java:14)
	at com.exapmple.jacoco_example.TestBankAccount.extracted(TestBankAccount.java:14)
	at com.exapmple.jacoco_example.TestBankAccount.extracted(TestBankAccount.java:14)
	at com.exapmple.jacoco_example.TestBankAccount.extracted(TestBankAccount.java:14)
	at com.exapmple.jacoco_example.TestBankAccount.extracted(TestBankAccount.java:14)
	at com.exapmple.jacoco_example.TestBankAccount.extracted(TestBankAccount.java:14)
	at com.exapmple.jacoco_example.TestBankAccount.extracted(TestBankAccount.java:14)
	at com.exapmple.jacoco_example.TestBankAccount.extracted(TestBankAccount.java:14)
	at com.exapmple.jacoco_example.TestBankAccount.extracted(TestBankAccount.java:14)
	at com.exapmple.jacoco_example.TestBankAccount.extracted(TestBankAccount.java:14)
	at com.exapmple.jacoco_example.TestBankAccount.extracted(TestBankAccount.java:14)
	at com.exapmple.jacoco_example.TestBankAccount.extracted(TestBankAccount.java:14)
	at com.exapmple.jacoco_example.TestBankAccount.extracted(TestBankAccount.java:14)
	at com.exapmple.jacoco_example.TestBankAccount.extracted(TestBankAccount.java:14)
	at com.exapmple.jacoco_example.TestBankAccount.extracted(TestBankAccount.java:14)
	at com.exapmple.jacoco_example.TestBankAccount.extracted(TestBankAccount.java:14)
	at com.exapmple.jacoco_example.TestBankAccount.extracted(TestBankAccount.java:14)
	at com.exapmple.jacoco_example.TestBankAccount.extracted(TestBankAccount.java:14)
	at com.exapmple.jacoco_example.TestBankAccount.extracted(TestBankAccount.java:14)
	at com.exapmple.jacoco_example.TestBankAccount.extracted(TestBankAccount.java:14)
	at com.exapmple.jacoco_example.TestBankAccount.extracted(TestBankAccount.java:14)
	at com.exapmple.jacoco_example.TestBankAccount.extracted(TestBankAccount.java:14)
	at com.exapmple.jacoco_example.TestBankAccount.extracted(TestBankAccount.java:14)
	at com.exapmple.jacoco_example.TestBankAccount.extracted(TestBankAccount.java:14)
	at com.exapmple.jacoco_example.TestBankAccount.extracted(TestBankAccount.java:14)
	at com.exapmple.jacoco_example.TestBankAccount.extracted(TestBankAccount.java:14)
	at com.exapmple.jacoco_example.TestBankAccount.extracted(TestBankAccount.java:14)
	at com.exapmple.jacoco_example.TestBankAccount.extracted(TestBankAccount.java:14)
	at com.exapmple.jacoco_example.TestBankAccount.extracted(TestBankAccount.java:14)
	at com.exapmple.jacoco_example.TestBankAccount.extracted(TestBankAccount.java:14)
	at com.exapmple.jacoco_example.TestBankAccount.extracted(TestBankAccount.java:14)
	at com.exapmple.jacoco_example.TestBankAccount.extracted(TestBankAccount.java:14)
	at com.exapmple.jacoco_example.TestBankAccount.extracted(TestBankAccount.java:14)
	at com.exapmple.jacoco_example.TestBankAccount.extracted(TestBankAccount.java:14)
	at com.exapmple.jacoco_example.TestBankAccount.extracted(TestBankAccount.java:14)
	at com.exapmple.jacoco_example.TestBankAccount.extracted(TestBankAccount.java:14)
	at com.exapmple.jacoco_example.TestBankAccount.extracted(TestBankAccount.java:14)
	at com.exapmple.jacoco_example.TestBankAccount.extracted(TestBankAccount.java:14)
	at com.exapmple.jacoco_example.TestBankAccount.extracted(TestBankAccount.java:14)
	at com.exapmple.jacoco_example.TestBankAccount.extracted(TestBankAccount.java:14)
	at com.exapmple.jacoco_example.TestBankAccount.extracted(TestBankAccount.java:14)
	at com.exapmple.jacoco_example.TestBankAccount.extracted(TestBankAccount.java:14)
	at com.exapmple.jacoco_example.TestBankAccount.extracted(TestBankAccount.java:14)
	at com.exapmple.jacoco_example.TestBankAccount.extracted(TestBankAccount.java:14)
	at com.exapmple.jacoco_example.TestBankAccount.extracted(TestBankAccount.java:14)
	at com.exapmple.jacoco_example.TestBankAccount.extracted(TestBankAccount.java:14)
	at com.exapmple.jacoco_example.TestBankAccount.extracted(TestBankAccount.java:14)
	at com.exapmple.jacoco_example.TestBankAccount.extracted(TestBankAccount.java:14)
	at com.exapmple.jacoco_example.TestBankAccount.extracted(TestBankAccount.java:14)
	at com.exapmple.jacoco_example.TestBankAccount.extracted(TestBankAccount.java:14)
	at com.exapmple.jacoco_example.TestBankAccount.extracted(TestBankAccount.java:14)
	at com.exapmple.jacoco_example.TestBankAccount.extracted(TestBankAccount.java:14)
	at com.exapmple.jacoco_example.TestBankAccount.extracted(TestBankAccount.java:14)
	at com.exapmple.jacoco_example.TestBankAccount.extracted(TestBankAccount.java:14)
	at com.exapmple.jacoco_example.TestBankAccount.extracted(TestBankAccount.java:14)
	at com.exapmple.jacoco_example.TestBankAccount.extracted(TestBankAccount.java:14)
	at com.exapmple.jacoco_example.TestBankAccount.extracted(TestBankAccount.java:14)
	at com.exapmple.jacoco_example.TestBankAccount.extracted(TestBankAccount.java:14)
	at com.exapmple.jacoco_example.TestBankAccount.extracted(TestBankAccount.java:14)
	at com.exapmple.jacoco_example.TestBankAccount.extracted(TestBankAccount.java:14)
	at com.exapmple.jacoco_example.TestBankAccount.extracted(TestBankAccount.java:14)
	at com.exapmple.jacoco_example.TestBankAccount.extracted(TestBankAccount.java:14)
	at com.exapmple.jacoco_example.TestBankAccount.extracted(TestBankAccount.java:14)
	at com.exapmple.jacoco_example.TestBankAccount.extracted(TestBankAccount.java:14)
	at com.exapmple.jacoco_example.TestBankAccount.extracted(TestBankAccount.java:14)
	at com.exapmple.jacoco_example.TestBankAccount.extracted(TestBankAccount.java:14)
	at com.exapmple.jacoco_example.TestBankAccount.extracted(TestBankAccount.java:14)
	at com.exapmple.jacoco_example.TestBankAccount.extracted(TestBankAccount.java:14)
	at com.exapmple.jacoco_example.TestBankAccount.extracted(TestBankAccount.java:14)
	at com.exapmple.jacoco_example.TestBankAccount.extracted(TestBankAccount.java:14)
	at com.exapmple.jacoco_example.TestBankAccount.extracted(TestBankAccount.java:14)
	at com.exapmple.jacoco_example.TestBankAccount.extracted(TestBankAccount.java:14)
	at com.exapmple.jacoco_example.TestBankAccount.extracted(TestBankAccount.java:14)
	at com.exapmple.jacoco_example.TestBankAccount.extracted(TestBankAccount.java:14)
	at com.exapmple.jacoco_example.TestBankAccount.extracted(TestBankAccount.java:14)
	at com.exapmple.jacoco_example.TestBankAccount.extracted(TestBankAccount.java:14)
	at com.exapmple.jacoco_example.TestBankAccount.extracted(TestBankAccount.java:14)
	at com.exapmple.jacoco_example.TestBankAccount.extracted(TestBankAccount.java:14)
	at com.exapmple.jacoco_example.TestBankAccount.extracted(TestBankAccount.java:14)
	at com.exapmple.jacoco_example.TestBankAccount.extracted(TestBankAccount.java:14)
	at com.exapmple.jacoco_example.TestBankAccount.extracted(TestBankAccount.java:14)
	at com.exapmple.jacoco_example.TestBankAccount.extracted(TestBankAccount.java:14)
	at com.exapmple.jacoco_example.TestBankAccount.extracted(TestBankAccount.java:14)
	at com.exapmple.jacoco_example.TestBankAccount.extracted(TestBankAccount.java:14)
	at com.exapmple.jacoco_example.TestBankAccount.extracted(TestBankAccount.java:14)
	at com.exapmple.jacoco_example.TestBankAccount.extracted(TestBankAccount.java:14)
	at com.exapmple.jacoco_example.TestBankAccount.extracted(TestBankAccount.java:14)
	at com.exapmple.jacoco_example.TestBankAccount.extracted(TestBankAccount.java:14)
	at com.exapmple.jacoco_example.TestBankAccount.extracted(TestBankAccount.java:14)
	at com.exapmple.jacoco_example.TestBankAccount.extracted(TestBankAccount.java:14)
	at com.exapmple.jacoco_example.TestBankAccount.extracted(TestBankAccount.java:14)
	at com.exapmple.jacoco_example.TestBankAccount.extracted(TestBankAccount.java:14)
	at com.exapmple.jacoco_example.TestBankAccount.extracted(TestBankAccount.java:14)
	at com.exapmple.jacoco_example.TestBankAccount.extracted(TestBankAccount.java:14)
	at com.exapmple.jacoco_example.TestBankAccount.extracted(TestBankAccount.java:14)
	at com.exapmple.jacoco_example.TestBankAccount.extracted(TestBankAccount.java:14)
	at com.exapmple.jacoco_example.TestBankAccount.extracted(TestBankAccount.java:14)
	at com.exapmple.jacoco_example.TestBankAccount.extracted(TestBankAccount.java:14)
	at com.exapmple.jacoco_example.TestBankAccount.extracted(TestBankAccount.java:14)
	at com.exapmple.jacoco_example.TestBankAccount.extracted(TestBankAccount.java:14)
	at com.exapmple.jacoco_example.TestBankAccount.extracted(TestBankAccount.java:14)
	at com.exapmple.jacoco_example.TestBankAccount.extracted(TestBankAccount.java:14)
	at com.exapmple.jacoco_example.TestBankAccount.extracted(TestBankAccount.java:14)
	at com.exapmple.jacoco_example.TestBankAccount.extracted(TestBankAccount.java:14)
	at com.exapmple.jacoco_example.TestBankAccount.extracted(TestBankAccount.java:14)
	at com.exapmple.jacoco_example.TestBankAccount.extracted(TestBankAccount.java:14)
	at com.exapmple.jacoco_example.TestBankAccount.extracted(TestBankAccount.java:14)
	at com.exapmple.jacoco_example.TestBankAccount.extracted(TestBankAccount.java:14)
	at com.exapmple.jacoco_example.TestBankAccount.extracted(TestBankAccount.java:14)
	at com.exapmple.jacoco_example.TestBankAccount.extracted(TestBankAccount.java:14)
	at com.exapmple.jacoco_example.TestBankAccount.extracted(TestBankAccount.java:14)
	at com.exapmple.jacoco_example.TestBankAccount.extracted(TestBankAccount.java:14)
	at com.exapmple.jacoco_example.TestBankAccount.extracted(TestBankAccount.java:14)
	at com.exapmple.jacoco_example.TestBankAccount.extracted(TestBankAccount.java:14)
	at com.exapmple.jacoco_example.TestBankAccount.extracted(TestBankAccount.java:14)
	at com.exapmple.jacoco_example.TestBankAccount.extracted(TestBankAccount.java:14)
	at com.exapmple.jacoco_example.TestBankAccount.extracted(TestBankAccount.java:14)
	at com.exapmple.jacoco_example.TestBankAccount.extracted(TestBankAccount.java:14)
	at com.exapmple.jacoco_example.TestBankAccount.extracted(TestBankAccount.java:14)
	at com.exapmple.jacoco_example.TestBankAccount.extracted(TestBankAccount.java:14)
	at com.exapmple.jacoco_example.TestBankAccount.extracted(TestBankAccount.java:14)
	at com.exapmple.jacoco_example.TestBankAccount.extracted(TestBankAccount.java:14)
	at com.exapmple.jacoco_example.TestBankAccount.extracted(TestBankAccount.java:14)
	at com.exapmple.jacoco_example.TestBankAccount.extracted(TestBankAccount.java:14)
	at com.exapmple.jacoco_example.TestBankAccount.extracted(TestBankAccount.java:14)
	at com.exapmple.jacoco_example.TestBankAccount.extracted(TestBankAccount.java:14)
	at com.exapmple.jacoco_example.TestBankAccount.extracted(TestBankAccount.java:14)
	at com.exapmple.jacoco_example.TestBankAccount.extracted(TestBankAccount.java:14)
	at com.exapmple.jacoco_example.TestBankAccount.extracted(TestBankAccount.java:14)
	at com.exapmple.jacoco_example.TestBankAccount.extracted(TestBankAccount.java:14)
	at com.exapmple.jacoco_example.TestBankAccount.extracted(TestBankAccount.java:14)
	at com.exapmple.jacoco_example.TestBankAccount.extracted(TestBankAccount.java:14)
	at com.exapmple.jacoco_example.TestBankAccount.extracted(TestBankAccount.java:14)
	at com.exapmple.jacoco_example.TestBankAccount.extracted(TestBankAccount.java:14)
	at com.exapmple.jacoco_example.TestBankAccount.extracted(TestBankAccount.java:14)
</error>
  </testcase>
</testsuite>